ARM GAS  /var/folders/bp/ytvqs5756l50d7lg2fzmjpcr0000gn/T//ccOAD9yt.s 			page 1


   1              		.cpu cortex-m0
   2              		.arch armv6s-m
   3              		.fpu softvfp
   4              		.eabi_attribute 20, 1
   5              		.eabi_attribute 21, 1
   6              		.eabi_attribute 23, 3
   7              		.eabi_attribute 24, 1
   8              		.eabi_attribute 25, 1
   9              		.eabi_attribute 26, 1
  10              		.eabi_attribute 30, 1
  11              		.eabi_attribute 34, 0
  12              		.eabi_attribute 18, 4
  13              		.file	"main.c"
  14              		.text
  15              	.Ltext0:
  16              		.cfi_sections	.debug_frame
  17              		.file 1 "Core/Src/main.c"
  18              		.section	.text.MX_GPIO_Init,"ax",%progbits
  19              		.align	1
  20              		.syntax unified
  21              		.code	16
  22              		.thumb_func
  24              	MX_GPIO_Init:
  25              	.LFB48:
   1:Core/Src/main.c **** /* USER CODE BEGIN Header */
   2:Core/Src/main.c **** 
   3:Core/Src/main.c **** /* USER CODE END Header */
   4:Core/Src/main.c **** /* Includes ------------------------------------------------------------------*/
   5:Core/Src/main.c **** #include "main.h"
   6:Core/Src/main.c **** 
   7:Core/Src/main.c **** /* Private includes ----------------------------------------------------------*/
   8:Core/Src/main.c **** /* USER CODE BEGIN Includes */
   9:Core/Src/main.c **** #include <stdio.h>
  10:Core/Src/main.c **** #include "string.h"
  11:Core/Src/main.c **** 
  12:Core/Src/main.c **** #define UART_BUFFER_SIZE 256
  13:Core/Src/main.c **** /* USER CODE END Includes */
  14:Core/Src/main.c **** 
  15:Core/Src/main.c **** /* Private typedef -----------------------------------------------------------*/
  16:Core/Src/main.c **** /* USER CODE BEGIN PTD */
  17:Core/Src/main.c **** 
  18:Core/Src/main.c **** /* USER CODE END PTD */
  19:Core/Src/main.c **** 
  20:Core/Src/main.c **** /* Private define ------------------------------------------------------------*/
  21:Core/Src/main.c **** /* USER CODE BEGIN PD */
  22:Core/Src/main.c **** 
  23:Core/Src/main.c **** /* USER CODE END PD */
  24:Core/Src/main.c **** 
  25:Core/Src/main.c **** /* Private macro -------------------------------------------------------------*/
  26:Core/Src/main.c **** /* USER CODE BEGIN PM */
  27:Core/Src/main.c **** 
  28:Core/Src/main.c **** /* USER CODE END PM */
  29:Core/Src/main.c **** 
  30:Core/Src/main.c **** /* Private variables ---------------------------------------------------------*/
  31:Core/Src/main.c **** I2C_HandleTypeDef hi2c1;
  32:Core/Src/main.c **** 
  33:Core/Src/main.c **** TIM_HandleTypeDef htim16;
ARM GAS  /var/folders/bp/ytvqs5756l50d7lg2fzmjpcr0000gn/T//ccOAD9yt.s 			page 2


  34:Core/Src/main.c **** 
  35:Core/Src/main.c **** UART_HandleTypeDef huart1;
  36:Core/Src/main.c **** 
  37:Core/Src/main.c **** /* USER CODE BEGIN PV */
  38:Core/Src/main.c **** 
  39:Core/Src/main.c **** /* USER CODE END PV */
  40:Core/Src/main.c **** 
  41:Core/Src/main.c **** /* Private function prototypes -----------------------------------------------*/
  42:Core/Src/main.c **** void SystemClock_Config(void);
  43:Core/Src/main.c **** static void MX_GPIO_Init(void);
  44:Core/Src/main.c **** static void MX_I2C1_Init(void);
  45:Core/Src/main.c **** static void MX_TIM16_Init(void);
  46:Core/Src/main.c **** static void MX_USART1_UART_Init(void);
  47:Core/Src/main.c **** /* USER CODE BEGIN PFP */
  48:Core/Src/main.c **** 
  49:Core/Src/main.c **** /* USER CODE END PFP */
  50:Core/Src/main.c **** 
  51:Core/Src/main.c **** /* Private user code ---------------------------------------------------------*/
  52:Core/Src/main.c **** /* USER CODE BEGIN 0 */
  53:Core/Src/main.c **** 
  54:Core/Src/main.c **** /* USER CODE END 0 */
  55:Core/Src/main.c **** 
  56:Core/Src/main.c **** /**
  57:Core/Src/main.c ****   * @brief  The application entry point.
  58:Core/Src/main.c ****   * @retval int
  59:Core/Src/main.c ****   */
  60:Core/Src/main.c **** int main(void)
  61:Core/Src/main.c **** {
  62:Core/Src/main.c **** 
  63:Core/Src/main.c ****   /* USER CODE BEGIN 1 */
  64:Core/Src/main.c **** 
  65:Core/Src/main.c ****   /* USER CODE END 1 */
  66:Core/Src/main.c **** 
  67:Core/Src/main.c ****   /* MCU Configuration--------------------------------------------------------*/
  68:Core/Src/main.c **** 
  69:Core/Src/main.c ****   /* Reset of all peripherals, Initializes the Flash interface and the Systick. */
  70:Core/Src/main.c ****   HAL_Init();
  71:Core/Src/main.c **** 
  72:Core/Src/main.c ****   /* USER CODE BEGIN Init */
  73:Core/Src/main.c **** 
  74:Core/Src/main.c ****   /* USER CODE END Init */
  75:Core/Src/main.c **** 
  76:Core/Src/main.c ****   /* Configure the system clock */
  77:Core/Src/main.c ****   SystemClock_Config();
  78:Core/Src/main.c **** 
  79:Core/Src/main.c ****   /* USER CODE BEGIN SysInit */
  80:Core/Src/main.c **** 
  81:Core/Src/main.c ****   /* USER CODE END SysInit */
  82:Core/Src/main.c **** 
  83:Core/Src/main.c ****   /* Initialize all configured peripherals */
  84:Core/Src/main.c ****   MX_GPIO_Init();
  85:Core/Src/main.c ****   MX_I2C1_Init();
  86:Core/Src/main.c ****   MX_TIM16_Init();
  87:Core/Src/main.c ****   MX_USART1_UART_Init();
  88:Core/Src/main.c ****   /* USER CODE BEGIN 2 */
  89:Core/Src/main.c ****   HAL_Delay(100);  // Give time for the accelerometer to boot up
  90:Core/Src/main.c **** 
ARM GAS  /var/folders/bp/ytvqs5756l50d7lg2fzmjpcr0000gn/T//ccOAD9yt.s 			page 3


  91:Core/Src/main.c ****   accelerometer_controller_initialize();
  92:Core/Src/main.c ****   haptic_feedback_controller_initialize();
  93:Core/Src/main.c ****   led_controller_initialize();
  94:Core/Src/main.c ****   button_controller_initialize();
  95:Core/Src/main.c ****   posture_controller_initialize();
  96:Core/Src/main.c ****   state_machine_initialize();
  97:Core/Src/main.c **** 
  98:Core/Src/main.c ****   led_execute_sequence(LED_SEQ_THREE_BLINKS);
  99:Core/Src/main.c ****   /* USER CODE END 2 */
 100:Core/Src/main.c **** 
 101:Core/Src/main.c ****   /* Infinite loop */
 102:Core/Src/main.c ****   /* USER CODE BEGIN WHILE */
 103:Core/Src/main.c ****   while (1)
 104:Core/Src/main.c ****   {
 105:Core/Src/main.c ****     // Update all controllers
 106:Core/Src/main.c ****     accelerometer_controller_update();
 107:Core/Src/main.c ****     led_controller_update();
 108:Core/Src/main.c ****     button_controller_update();
 109:Core/Src/main.c ****     posture_controller_update();
 110:Core/Src/main.c ****     state_machine_update();
 111:Core/Src/main.c **** 
 112:Core/Src/main.c ****     /* USER CODE END WHILE */
 113:Core/Src/main.c **** 
 114:Core/Src/main.c ****     /* USER CODE BEGIN 3 */
 115:Core/Src/main.c ****   }
 116:Core/Src/main.c ****   /* USER CODE END 3 */
 117:Core/Src/main.c **** }
 118:Core/Src/main.c **** 
 119:Core/Src/main.c **** /**
 120:Core/Src/main.c ****   * @brief System Clock Configuration
 121:Core/Src/main.c ****   * @retval None
 122:Core/Src/main.c ****   */
 123:Core/Src/main.c **** void SystemClock_Config(void)
 124:Core/Src/main.c **** {
 125:Core/Src/main.c ****   RCC_OscInitTypeDef RCC_OscInitStruct = {0};
 126:Core/Src/main.c ****   RCC_ClkInitTypeDef RCC_ClkInitStruct = {0};
 127:Core/Src/main.c ****   RCC_PeriphCLKInitTypeDef PeriphClkInit = {0};
 128:Core/Src/main.c **** 
 129:Core/Src/main.c ****   /** Initializes the RCC Oscillators according to the specified parameters
 130:Core/Src/main.c ****   * in the RCC_OscInitTypeDef structure.
 131:Core/Src/main.c ****   */
 132:Core/Src/main.c ****   RCC_OscInitStruct.OscillatorType = RCC_OSCILLATORTYPE_HSI;
 133:Core/Src/main.c ****   RCC_OscInitStruct.HSIState = RCC_HSI_ON;
 134:Core/Src/main.c ****   RCC_OscInitStruct.HSICalibrationValue = RCC_HSICALIBRATION_DEFAULT;
 135:Core/Src/main.c ****   RCC_OscInitStruct.PLL.PLLState = RCC_PLL_NONE;
 136:Core/Src/main.c ****   if (HAL_RCC_OscConfig(&RCC_OscInitStruct) != HAL_OK)
 137:Core/Src/main.c ****   {
 138:Core/Src/main.c ****     Error_Handler();
 139:Core/Src/main.c ****   }
 140:Core/Src/main.c **** 
 141:Core/Src/main.c ****   /** Initializes the CPU, AHB and APB buses clocks
 142:Core/Src/main.c ****   */
 143:Core/Src/main.c ****   RCC_ClkInitStruct.ClockType = RCC_CLOCKTYPE_HCLK|RCC_CLOCKTYPE_SYSCLK
 144:Core/Src/main.c ****                               |RCC_CLOCKTYPE_PCLK1;
 145:Core/Src/main.c ****   RCC_ClkInitStruct.SYSCLKSource = RCC_SYSCLKSOURCE_HSI;
 146:Core/Src/main.c ****   RCC_ClkInitStruct.AHBCLKDivider = RCC_SYSCLK_DIV1;
 147:Core/Src/main.c ****   RCC_ClkInitStruct.APB1CLKDivider = RCC_HCLK_DIV1;
ARM GAS  /var/folders/bp/ytvqs5756l50d7lg2fzmjpcr0000gn/T//ccOAD9yt.s 			page 4


 148:Core/Src/main.c **** 
 149:Core/Src/main.c ****   if (HAL_RCC_ClockConfig(&RCC_ClkInitStruct, FLASH_LATENCY_0) != HAL_OK)
 150:Core/Src/main.c ****   {
 151:Core/Src/main.c ****     Error_Handler();
 152:Core/Src/main.c ****   }
 153:Core/Src/main.c ****   PeriphClkInit.PeriphClockSelection = RCC_PERIPHCLK_USART1|RCC_PERIPHCLK_I2C1;
 154:Core/Src/main.c ****   PeriphClkInit.Usart1ClockSelection = RCC_USART1CLKSOURCE_PCLK1;
 155:Core/Src/main.c ****   PeriphClkInit.I2c1ClockSelection = RCC_I2C1CLKSOURCE_HSI;
 156:Core/Src/main.c ****   if (HAL_RCCEx_PeriphCLKConfig(&PeriphClkInit) != HAL_OK)
 157:Core/Src/main.c ****   {
 158:Core/Src/main.c ****     Error_Handler();
 159:Core/Src/main.c ****   }
 160:Core/Src/main.c **** }
 161:Core/Src/main.c **** 
 162:Core/Src/main.c **** /**
 163:Core/Src/main.c ****   * @brief I2C1 Initialization Function
 164:Core/Src/main.c ****   * @param None
 165:Core/Src/main.c ****   * @retval None
 166:Core/Src/main.c ****   */
 167:Core/Src/main.c **** static void MX_I2C1_Init(void)
 168:Core/Src/main.c **** {
 169:Core/Src/main.c **** 
 170:Core/Src/main.c ****   /* USER CODE BEGIN I2C1_Init 0 */
 171:Core/Src/main.c **** 
 172:Core/Src/main.c ****   /* USER CODE END I2C1_Init 0 */
 173:Core/Src/main.c **** 
 174:Core/Src/main.c ****   /* USER CODE BEGIN I2C1_Init 1 */
 175:Core/Src/main.c **** 
 176:Core/Src/main.c ****   /* USER CODE END I2C1_Init 1 */
 177:Core/Src/main.c ****   hi2c1.Instance = I2C1;
 178:Core/Src/main.c ****   hi2c1.Init.Timing = 0x00201D2B;
 179:Core/Src/main.c ****   hi2c1.Init.OwnAddress1 = 0;
 180:Core/Src/main.c ****   hi2c1.Init.AddressingMode = I2C_ADDRESSINGMODE_7BIT;
 181:Core/Src/main.c ****   hi2c1.Init.DualAddressMode = I2C_DUALADDRESS_DISABLE;
 182:Core/Src/main.c ****   hi2c1.Init.OwnAddress2 = 0;
 183:Core/Src/main.c ****   hi2c1.Init.OwnAddress2Masks = I2C_OA2_NOMASK;
 184:Core/Src/main.c ****   hi2c1.Init.GeneralCallMode = I2C_GENERALCALL_DISABLE;
 185:Core/Src/main.c ****   hi2c1.Init.NoStretchMode = I2C_NOSTRETCH_DISABLE;
 186:Core/Src/main.c ****   if (HAL_I2C_Init(&hi2c1) != HAL_OK)
 187:Core/Src/main.c ****   {
 188:Core/Src/main.c ****     Error_Handler();
 189:Core/Src/main.c ****   }
 190:Core/Src/main.c **** 
 191:Core/Src/main.c ****   /** Configure Analogue filter
 192:Core/Src/main.c ****   */
 193:Core/Src/main.c ****   if (HAL_I2CEx_ConfigAnalogFilter(&hi2c1, I2C_ANALOGFILTER_ENABLE) != HAL_OK)
 194:Core/Src/main.c ****   {
 195:Core/Src/main.c ****     Error_Handler();
 196:Core/Src/main.c ****   }
 197:Core/Src/main.c **** 
 198:Core/Src/main.c ****   /** Configure Digital filter
 199:Core/Src/main.c ****   */
 200:Core/Src/main.c ****   if (HAL_I2CEx_ConfigDigitalFilter(&hi2c1, 0) != HAL_OK)
 201:Core/Src/main.c ****   {
 202:Core/Src/main.c ****     Error_Handler();
 203:Core/Src/main.c ****   }
 204:Core/Src/main.c ****   /* USER CODE BEGIN I2C1_Init 2 */
ARM GAS  /var/folders/bp/ytvqs5756l50d7lg2fzmjpcr0000gn/T//ccOAD9yt.s 			page 5


 205:Core/Src/main.c **** 
 206:Core/Src/main.c ****   /* USER CODE END I2C1_Init 2 */
 207:Core/Src/main.c **** 
 208:Core/Src/main.c **** }
 209:Core/Src/main.c **** 
 210:Core/Src/main.c **** /**
 211:Core/Src/main.c ****   * @brief TIM16 Initialization Function
 212:Core/Src/main.c ****   * @param None
 213:Core/Src/main.c ****   * @retval None
 214:Core/Src/main.c ****   */
 215:Core/Src/main.c **** static void MX_TIM16_Init(void)
 216:Core/Src/main.c **** {
 217:Core/Src/main.c **** 
 218:Core/Src/main.c ****   /* USER CODE BEGIN TIM16_Init 0 */
 219:Core/Src/main.c **** 
 220:Core/Src/main.c ****   /* USER CODE END TIM16_Init 0 */
 221:Core/Src/main.c **** 
 222:Core/Src/main.c ****   TIM_OC_InitTypeDef sConfigOC = {0};
 223:Core/Src/main.c ****   TIM_BreakDeadTimeConfigTypeDef sBreakDeadTimeConfig = {0};
 224:Core/Src/main.c **** 
 225:Core/Src/main.c ****   /* USER CODE BEGIN TIM16_Init 1 */
 226:Core/Src/main.c **** 
 227:Core/Src/main.c ****   /* USER CODE END TIM16_Init 1 */
 228:Core/Src/main.c ****   htim16.Instance = TIM16;
 229:Core/Src/main.c ****   htim16.Init.Prescaler = 0;
 230:Core/Src/main.c ****   htim16.Init.CounterMode = TIM_COUNTERMODE_UP;
 231:Core/Src/main.c ****   htim16.Init.Period = 65535;
 232:Core/Src/main.c ****   htim16.Init.ClockDivision = TIM_CLOCKDIVISION_DIV1;
 233:Core/Src/main.c ****   htim16.Init.RepetitionCounter = 0;
 234:Core/Src/main.c ****   htim16.Init.AutoReloadPreload = TIM_AUTORELOAD_PRELOAD_DISABLE;
 235:Core/Src/main.c ****   if (HAL_TIM_Base_Init(&htim16) != HAL_OK)
 236:Core/Src/main.c ****   {
 237:Core/Src/main.c ****     Error_Handler();
 238:Core/Src/main.c ****   }
 239:Core/Src/main.c ****   if (HAL_TIM_PWM_Init(&htim16) != HAL_OK)
 240:Core/Src/main.c ****   {
 241:Core/Src/main.c ****     Error_Handler();
 242:Core/Src/main.c ****   }
 243:Core/Src/main.c ****   sConfigOC.OCMode = TIM_OCMODE_PWM1;
 244:Core/Src/main.c ****   sConfigOC.Pulse = 0;
 245:Core/Src/main.c ****   sConfigOC.OCPolarity = TIM_OCPOLARITY_HIGH;
 246:Core/Src/main.c ****   sConfigOC.OCNPolarity = TIM_OCNPOLARITY_HIGH;
 247:Core/Src/main.c ****   sConfigOC.OCFastMode = TIM_OCFAST_DISABLE;
 248:Core/Src/main.c ****   sConfigOC.OCIdleState = TIM_OCIDLESTATE_RESET;
 249:Core/Src/main.c ****   sConfigOC.OCNIdleState = TIM_OCNIDLESTATE_RESET;
 250:Core/Src/main.c ****   if (HAL_TIM_PWM_ConfigChannel(&htim16, &sConfigOC, TIM_CHANNEL_1) != HAL_OK)
 251:Core/Src/main.c ****   {
 252:Core/Src/main.c ****     Error_Handler();
 253:Core/Src/main.c ****   }
 254:Core/Src/main.c ****   sBreakDeadTimeConfig.OffStateRunMode = TIM_OSSR_DISABLE;
 255:Core/Src/main.c ****   sBreakDeadTimeConfig.OffStateIDLEMode = TIM_OSSI_DISABLE;
 256:Core/Src/main.c ****   sBreakDeadTimeConfig.LockLevel = TIM_LOCKLEVEL_OFF;
 257:Core/Src/main.c ****   sBreakDeadTimeConfig.DeadTime = 0;
 258:Core/Src/main.c ****   sBreakDeadTimeConfig.BreakState = TIM_BREAK_DISABLE;
 259:Core/Src/main.c ****   sBreakDeadTimeConfig.BreakPolarity = TIM_BREAKPOLARITY_HIGH;
 260:Core/Src/main.c ****   sBreakDeadTimeConfig.AutomaticOutput = TIM_AUTOMATICOUTPUT_DISABLE;
 261:Core/Src/main.c ****   if (HAL_TIMEx_ConfigBreakDeadTime(&htim16, &sBreakDeadTimeConfig) != HAL_OK)
ARM GAS  /var/folders/bp/ytvqs5756l50d7lg2fzmjpcr0000gn/T//ccOAD9yt.s 			page 6


 262:Core/Src/main.c ****   {
 263:Core/Src/main.c ****     Error_Handler();
 264:Core/Src/main.c ****   }
 265:Core/Src/main.c ****   /* USER CODE BEGIN TIM16_Init 2 */
 266:Core/Src/main.c **** 
 267:Core/Src/main.c ****   /* USER CODE END TIM16_Init 2 */
 268:Core/Src/main.c ****   HAL_TIM_MspPostInit(&htim16);
 269:Core/Src/main.c **** 
 270:Core/Src/main.c **** }
 271:Core/Src/main.c **** 
 272:Core/Src/main.c **** /**
 273:Core/Src/main.c ****   * @brief USART1 Initialization Function
 274:Core/Src/main.c ****   * @param None
 275:Core/Src/main.c ****   * @retval None
 276:Core/Src/main.c ****   */
 277:Core/Src/main.c **** static void MX_USART1_UART_Init(void)
 278:Core/Src/main.c **** {
 279:Core/Src/main.c **** 
 280:Core/Src/main.c ****   /* USER CODE BEGIN USART1_Init 0 */
 281:Core/Src/main.c **** 
 282:Core/Src/main.c ****   /* USER CODE END USART1_Init 0 */
 283:Core/Src/main.c **** 
 284:Core/Src/main.c ****   /* USER CODE BEGIN USART1_Init 1 */
 285:Core/Src/main.c **** 
 286:Core/Src/main.c ****   /* USER CODE END USART1_Init 1 */
 287:Core/Src/main.c ****   huart1.Instance = USART1;
 288:Core/Src/main.c ****   huart1.Init.BaudRate = 38400;
 289:Core/Src/main.c ****   huart1.Init.WordLength = UART_WORDLENGTH_8B;
 290:Core/Src/main.c ****   huart1.Init.StopBits = UART_STOPBITS_1;
 291:Core/Src/main.c ****   huart1.Init.Parity = UART_PARITY_NONE;
 292:Core/Src/main.c ****   huart1.Init.Mode = UART_MODE_TX_RX;
 293:Core/Src/main.c ****   huart1.Init.HwFlowCtl = UART_HWCONTROL_NONE;
 294:Core/Src/main.c ****   huart1.Init.OverSampling = UART_OVERSAMPLING_16;
 295:Core/Src/main.c ****   huart1.Init.OneBitSampling = UART_ONE_BIT_SAMPLE_DISABLE;
 296:Core/Src/main.c ****   huart1.AdvancedInit.AdvFeatureInit = UART_ADVFEATURE_NO_INIT;
 297:Core/Src/main.c ****   if (HAL_UART_Init(&huart1) != HAL_OK)
 298:Core/Src/main.c ****   {
 299:Core/Src/main.c ****     Error_Handler();
 300:Core/Src/main.c ****   }
 301:Core/Src/main.c ****   /* USER CODE BEGIN USART1_Init 2 */
 302:Core/Src/main.c **** 
 303:Core/Src/main.c ****   /* USER CODE END USART1_Init 2 */
 304:Core/Src/main.c **** 
 305:Core/Src/main.c **** }
 306:Core/Src/main.c **** 
 307:Core/Src/main.c **** /**
 308:Core/Src/main.c ****   * @brief GPIO Initialization Function
 309:Core/Src/main.c ****   * @param None
 310:Core/Src/main.c ****   * @retval None
 311:Core/Src/main.c ****   */
 312:Core/Src/main.c **** static void MX_GPIO_Init(void)
 313:Core/Src/main.c **** {
  26              		.loc 1 313 1 view -0
  27              		.cfi_startproc
  28              		@ args = 0, pretend = 0, frame = 32
  29              		@ frame_needed = 0, uses_anonymous_args = 0
  30 0000 F0B5     		push	{r4, r5, r6, r7, lr}
ARM GAS  /var/folders/bp/ytvqs5756l50d7lg2fzmjpcr0000gn/T//ccOAD9yt.s 			page 7


  31              	.LCFI0:
  32              		.cfi_def_cfa_offset 20
  33              		.cfi_offset 4, -20
  34              		.cfi_offset 5, -16
  35              		.cfi_offset 6, -12
  36              		.cfi_offset 7, -8
  37              		.cfi_offset 14, -4
  38 0002 89B0     		sub	sp, sp, #36
  39              	.LCFI1:
  40              		.cfi_def_cfa_offset 56
 314:Core/Src/main.c ****   GPIO_InitTypeDef GPIO_InitStruct = {0};
  41              		.loc 1 314 3 view .LVU1
  42              		.loc 1 314 20 is_stmt 0 view .LVU2
  43 0004 03AC     		add	r4, sp, #12
  44 0006 1422     		movs	r2, #20
  45 0008 0021     		movs	r1, #0
  46 000a 2000     		movs	r0, r4
  47 000c FFF7FEFF 		bl	memset
  48              	.LVL0:
 315:Core/Src/main.c **** /* USER CODE BEGIN MX_GPIO_Init_1 */
 316:Core/Src/main.c **** /* USER CODE END MX_GPIO_Init_1 */
 317:Core/Src/main.c **** 
 318:Core/Src/main.c ****   /* GPIO Ports Clock Enable */
 319:Core/Src/main.c ****   __HAL_RCC_GPIOF_CLK_ENABLE();
  49              		.loc 1 319 3 is_stmt 1 view .LVU3
  50              	.LBB4:
  51              		.loc 1 319 3 view .LVU4
  52              		.loc 1 319 3 view .LVU5
  53 0010 2A4B     		ldr	r3, .L2
  54 0012 5A69     		ldr	r2, [r3, #20]
  55 0014 8021     		movs	r1, #128
  56 0016 C903     		lsls	r1, r1, #15
  57 0018 0A43     		orrs	r2, r1
  58 001a 5A61     		str	r2, [r3, #20]
  59              		.loc 1 319 3 view .LVU6
  60 001c 5A69     		ldr	r2, [r3, #20]
  61 001e 0A40     		ands	r2, r1
  62 0020 0092     		str	r2, [sp]
  63              		.loc 1 319 3 view .LVU7
  64 0022 009A     		ldr	r2, [sp]
  65              	.LBE4:
  66              		.loc 1 319 3 view .LVU8
 320:Core/Src/main.c ****   __HAL_RCC_GPIOA_CLK_ENABLE();
  67              		.loc 1 320 3 view .LVU9
  68              	.LBB5:
  69              		.loc 1 320 3 view .LVU10
  70              		.loc 1 320 3 view .LVU11
  71 0024 5A69     		ldr	r2, [r3, #20]
  72 0026 8021     		movs	r1, #128
  73 0028 8902     		lsls	r1, r1, #10
  74 002a 0A43     		orrs	r2, r1
  75 002c 5A61     		str	r2, [r3, #20]
  76              		.loc 1 320 3 view .LVU12
  77 002e 5A69     		ldr	r2, [r3, #20]
  78 0030 0A40     		ands	r2, r1
  79 0032 0192     		str	r2, [sp, #4]
  80              		.loc 1 320 3 view .LVU13
ARM GAS  /var/folders/bp/ytvqs5756l50d7lg2fzmjpcr0000gn/T//ccOAD9yt.s 			page 8


  81 0034 019A     		ldr	r2, [sp, #4]
  82              	.LBE5:
  83              		.loc 1 320 3 view .LVU14
 321:Core/Src/main.c ****   __HAL_RCC_GPIOB_CLK_ENABLE();
  84              		.loc 1 321 3 view .LVU15
  85              	.LBB6:
  86              		.loc 1 321 3 view .LVU16
  87              		.loc 1 321 3 view .LVU17
  88 0036 5A69     		ldr	r2, [r3, #20]
  89 0038 8021     		movs	r1, #128
  90 003a C902     		lsls	r1, r1, #11
  91 003c 0A43     		orrs	r2, r1
  92 003e 5A61     		str	r2, [r3, #20]
  93              		.loc 1 321 3 view .LVU18
  94 0040 5B69     		ldr	r3, [r3, #20]
  95 0042 0B40     		ands	r3, r1
  96 0044 0293     		str	r3, [sp, #8]
  97              		.loc 1 321 3 view .LVU19
  98 0046 029B     		ldr	r3, [sp, #8]
  99              	.LBE6:
 100              		.loc 1 321 3 view .LVU20
 322:Core/Src/main.c **** 
 323:Core/Src/main.c ****   /*Configure GPIO pin Output Level */
 324:Core/Src/main.c ****   HAL_GPIO_WritePin(GPIOB, GPIO_PIN_13, GPIO_PIN_RESET);
 101              		.loc 1 324 3 view .LVU21
 102 0048 8027     		movs	r7, #128
 103 004a BF01     		lsls	r7, r7, #6
 104 004c 1C4D     		ldr	r5, .L2+4
 105 004e 0022     		movs	r2, #0
 106 0050 3900     		movs	r1, r7
 107 0052 2800     		movs	r0, r5
 108 0054 FFF7FEFF 		bl	HAL_GPIO_WritePin
 109              	.LVL1:
 325:Core/Src/main.c **** 
 326:Core/Src/main.c ****   /*Configure GPIO pins : PA0 PA1 */
 327:Core/Src/main.c ****   GPIO_InitStruct.Pin = GPIO_PIN_0|GPIO_PIN_1;
 110              		.loc 1 327 3 view .LVU22
 111              		.loc 1 327 23 is_stmt 0 view .LVU23
 112 0058 0323     		movs	r3, #3
 113 005a 0393     		str	r3, [sp, #12]
 328:Core/Src/main.c ****   GPIO_InitStruct.Mode = GPIO_MODE_IT_RISING;
 114              		.loc 1 328 3 is_stmt 1 view .LVU24
 115              		.loc 1 328 24 is_stmt 0 view .LVU25
 116 005c 8823     		movs	r3, #136
 117 005e 5B03     		lsls	r3, r3, #13
 118 0060 0493     		str	r3, [sp, #16]
 329:Core/Src/main.c ****   GPIO_InitStruct.Pull = GPIO_NOPULL;
 119              		.loc 1 329 3 is_stmt 1 view .LVU26
 120              		.loc 1 329 24 is_stmt 0 view .LVU27
 121 0062 0026     		movs	r6, #0
 122 0064 0596     		str	r6, [sp, #20]
 330:Core/Src/main.c ****   HAL_GPIO_Init(GPIOA, &GPIO_InitStruct);
 123              		.loc 1 330 3 is_stmt 1 view .LVU28
 124 0066 9020     		movs	r0, #144
 125 0068 2100     		movs	r1, r4
 126 006a C005     		lsls	r0, r0, #23
 127 006c FFF7FEFF 		bl	HAL_GPIO_Init
ARM GAS  /var/folders/bp/ytvqs5756l50d7lg2fzmjpcr0000gn/T//ccOAD9yt.s 			page 9


 128              	.LVL2:
 331:Core/Src/main.c **** 
 332:Core/Src/main.c ****   /*Configure GPIO pin : PB13 */
 333:Core/Src/main.c ****   GPIO_InitStruct.Pin = GPIO_PIN_13;
 129              		.loc 1 333 3 view .LVU29
 130              		.loc 1 333 23 is_stmt 0 view .LVU30
 131 0070 0397     		str	r7, [sp, #12]
 334:Core/Src/main.c ****   GPIO_InitStruct.Mode = GPIO_MODE_OUTPUT_PP;
 132              		.loc 1 334 3 is_stmt 1 view .LVU31
 133              		.loc 1 334 24 is_stmt 0 view .LVU32
 134 0072 0127     		movs	r7, #1
 135 0074 0497     		str	r7, [sp, #16]
 335:Core/Src/main.c ****   GPIO_InitStruct.Pull = GPIO_NOPULL;
 136              		.loc 1 335 3 is_stmt 1 view .LVU33
 137              		.loc 1 335 24 is_stmt 0 view .LVU34
 138 0076 0596     		str	r6, [sp, #20]
 336:Core/Src/main.c ****   GPIO_InitStruct.Speed = GPIO_SPEED_FREQ_LOW;
 139              		.loc 1 336 3 is_stmt 1 view .LVU35
 140              		.loc 1 336 25 is_stmt 0 view .LVU36
 141 0078 0696     		str	r6, [sp, #24]
 337:Core/Src/main.c ****   HAL_GPIO_Init(GPIOB, &GPIO_InitStruct);
 142              		.loc 1 337 3 is_stmt 1 view .LVU37
 143 007a 2100     		movs	r1, r4
 144 007c 2800     		movs	r0, r5
 145 007e FFF7FEFF 		bl	HAL_GPIO_Init
 146              	.LVL3:
 338:Core/Src/main.c **** 
 339:Core/Src/main.c ****   /*Configure GPIO pin : PB5 */
 340:Core/Src/main.c ****   GPIO_InitStruct.Pin = GPIO_PIN_5;
 147              		.loc 1 340 3 view .LVU38
 148              		.loc 1 340 23 is_stmt 0 view .LVU39
 149 0082 2023     		movs	r3, #32
 150 0084 0393     		str	r3, [sp, #12]
 341:Core/Src/main.c ****   GPIO_InitStruct.Mode = GPIO_MODE_IT_RISING_FALLING;
 151              		.loc 1 341 3 is_stmt 1 view .LVU40
 152              		.loc 1 341 24 is_stmt 0 view .LVU41
 153 0086 C423     		movs	r3, #196
 154 0088 9B03     		lsls	r3, r3, #14
 155 008a 0493     		str	r3, [sp, #16]
 342:Core/Src/main.c ****   GPIO_InitStruct.Pull = GPIO_PULLUP;
 156              		.loc 1 342 3 is_stmt 1 view .LVU42
 157              		.loc 1 342 24 is_stmt 0 view .LVU43
 158 008c 0597     		str	r7, [sp, #20]
 343:Core/Src/main.c ****   HAL_GPIO_Init(GPIOB, &GPIO_InitStruct);
 159              		.loc 1 343 3 is_stmt 1 view .LVU44
 160 008e 2100     		movs	r1, r4
 161 0090 2800     		movs	r0, r5
 162 0092 FFF7FEFF 		bl	HAL_GPIO_Init
 163              	.LVL4:
 344:Core/Src/main.c **** 
 345:Core/Src/main.c ****   /* EXTI interrupt init*/
 346:Core/Src/main.c ****   HAL_NVIC_SetPriority(EXTI0_1_IRQn, 0, 0);
 164              		.loc 1 346 3 view .LVU45
 165 0096 0022     		movs	r2, #0
 166 0098 0021     		movs	r1, #0
 167 009a 0520     		movs	r0, #5
 168 009c FFF7FEFF 		bl	HAL_NVIC_SetPriority
ARM GAS  /var/folders/bp/ytvqs5756l50d7lg2fzmjpcr0000gn/T//ccOAD9yt.s 			page 10


 169              	.LVL5:
 347:Core/Src/main.c ****   HAL_NVIC_EnableIRQ(EXTI0_1_IRQn);
 170              		.loc 1 347 3 view .LVU46
 171 00a0 0520     		movs	r0, #5
 172 00a2 FFF7FEFF 		bl	HAL_NVIC_EnableIRQ
 173              	.LVL6:
 348:Core/Src/main.c **** 
 349:Core/Src/main.c ****   HAL_NVIC_SetPriority(EXTI4_15_IRQn, 0, 0);
 174              		.loc 1 349 3 view .LVU47
 175 00a6 0022     		movs	r2, #0
 176 00a8 0021     		movs	r1, #0
 177 00aa 0720     		movs	r0, #7
 178 00ac FFF7FEFF 		bl	HAL_NVIC_SetPriority
 179              	.LVL7:
 350:Core/Src/main.c ****   HAL_NVIC_EnableIRQ(EXTI4_15_IRQn);
 180              		.loc 1 350 3 view .LVU48
 181 00b0 0720     		movs	r0, #7
 182 00b2 FFF7FEFF 		bl	HAL_NVIC_EnableIRQ
 183              	.LVL8:
 351:Core/Src/main.c **** 
 352:Core/Src/main.c **** /* USER CODE BEGIN MX_GPIO_Init_2 */
 353:Core/Src/main.c **** /* USER CODE END MX_GPIO_Init_2 */
 354:Core/Src/main.c **** }
 184              		.loc 1 354 1 is_stmt 0 view .LVU49
 185 00b6 09B0     		add	sp, sp, #36
 186              		@ sp needed
 187 00b8 F0BD     		pop	{r4, r5, r6, r7, pc}
 188              	.L3:
 189 00ba C046     		.align	2
 190              	.L2:
 191 00bc 00100240 		.word	1073876992
 192 00c0 00040048 		.word	1207960576
 193              		.cfi_endproc
 194              	.LFE48:
 196              		.section	.text.HAL_GPIO_EXTI_Callback,"ax",%progbits
 197              		.align	1
 198              		.global	HAL_GPIO_EXTI_Callback
 199              		.syntax unified
 200              		.code	16
 201              		.thumb_func
 203              	HAL_GPIO_EXTI_Callback:
 204              	.LVL9:
 205              	.LFB49:
 355:Core/Src/main.c **** 
 356:Core/Src/main.c **** /* USER CODE BEGIN 4 */
 357:Core/Src/main.c **** void HAL_GPIO_EXTI_Callback(uint16_t GPIO_Pin)
 358:Core/Src/main.c **** {
 206              		.loc 1 358 1 is_stmt 1 view -0
 207              		.cfi_startproc
 208              		@ args = 0, pretend = 0, frame = 0
 209              		@ frame_needed = 0, uses_anonymous_args = 0
 210              		.loc 1 358 1 is_stmt 0 view .LVU51
 211 0000 10B5     		push	{r4, lr}
 212              	.LCFI2:
 213              		.cfi_def_cfa_offset 8
 214              		.cfi_offset 4, -8
 215              		.cfi_offset 14, -4
ARM GAS  /var/folders/bp/ytvqs5756l50d7lg2fzmjpcr0000gn/T//ccOAD9yt.s 			page 11


 359:Core/Src/main.c ****     // if (GPIO_Pin == GPIO_PIN_5)
 360:Core/Src/main.c ****     // {
 361:Core/Src/main.c ****     //     button_handle_exti();
 362:Core/Src/main.c ****     // }
 363:Core/Src/main.c ****     if (GPIO_Pin == GPIO_PIN_0)
 216              		.loc 1 363 5 is_stmt 1 view .LVU52
 217              		.loc 1 363 8 is_stmt 0 view .LVU53
 218 0002 0128     		cmp	r0, #1
 219 0004 02D0     		beq	.L7
 364:Core/Src/main.c ****     {
 365:Core/Src/main.c ****         accelerometer_handle_int2();
 366:Core/Src/main.c ****     }
 367:Core/Src/main.c ****     else if (GPIO_Pin == GPIO_PIN_1)
 220              		.loc 1 367 10 is_stmt 1 view .LVU54
 221              		.loc 1 367 13 is_stmt 0 view .LVU55
 222 0006 0228     		cmp	r0, #2
 223 0008 03D0     		beq	.L8
 224              	.LVL10:
 225              	.L4:
 368:Core/Src/main.c ****     {
 369:Core/Src/main.c ****         accelerometer_handle_int1();
 370:Core/Src/main.c ****     }
 371:Core/Src/main.c **** 
 372:Core/Src/main.c ****     // You can handle more EXTI pins if needed
 373:Core/Src/main.c **** }
 226              		.loc 1 373 1 view .LVU56
 227              		@ sp needed
 228 000a 10BD     		pop	{r4, pc}
 229              	.LVL11:
 230              	.L7:
 365:Core/Src/main.c ****     }
 231              		.loc 1 365 9 is_stmt 1 view .LVU57
 232 000c FFF7FEFF 		bl	accelerometer_handle_int2
 233              	.LVL12:
 365:Core/Src/main.c ****     }
 234              		.loc 1 365 9 is_stmt 0 view .LVU58
 235 0010 FBE7     		b	.L4
 236              	.LVL13:
 237              	.L8:
 369:Core/Src/main.c ****     }
 238              		.loc 1 369 9 is_stmt 1 view .LVU59
 239 0012 FFF7FEFF 		bl	accelerometer_handle_int1
 240              	.LVL14:
 241              		.loc 1 373 1 is_stmt 0 view .LVU60
 242 0016 F8E7     		b	.L4
 243              		.cfi_endproc
 244              	.LFE49:
 246              		.section	.text.Error_Handler,"ax",%progbits
 247              		.align	1
 248              		.global	Error_Handler
 249              		.syntax unified
 250              		.code	16
 251              		.thumb_func
 253              	Error_Handler:
 254              	.LFB50:
 374:Core/Src/main.c **** 
 375:Core/Src/main.c **** /* USER CODE END 4 */
ARM GAS  /var/folders/bp/ytvqs5756l50d7lg2fzmjpcr0000gn/T//ccOAD9yt.s 			page 12


 376:Core/Src/main.c **** 
 377:Core/Src/main.c **** /**
 378:Core/Src/main.c ****   * @brief  This function is executed in case of error occurrence.
 379:Core/Src/main.c ****   * @retval None
 380:Core/Src/main.c ****   */
 381:Core/Src/main.c **** void Error_Handler(void)
 382:Core/Src/main.c **** {
 255              		.loc 1 382 1 is_stmt 1 view -0
 256              		.cfi_startproc
 257              		@ Volatile: function does not return.
 258              		@ args = 0, pretend = 0, frame = 0
 259              		@ frame_needed = 0, uses_anonymous_args = 0
 260              		@ link register save eliminated.
 383:Core/Src/main.c ****   /* USER CODE BEGIN Error_Handler_Debug */
 384:Core/Src/main.c ****   /* User can add his own implementation to report the HAL error return state */
 385:Core/Src/main.c ****   __disable_irq();
 261              		.loc 1 385 3 view .LVU62
 262              	.LBB7:
 263              	.LBI7:
 264              		.file 2 "Drivers/CMSIS/Include/cmsis_gcc.h"
   1:Drivers/CMSIS/Include/cmsis_gcc.h **** /**************************************************************************//**
   2:Drivers/CMSIS/Include/cmsis_gcc.h ****  * @file     cmsis_gcc.h
   3:Drivers/CMSIS/Include/cmsis_gcc.h ****  * @brief    CMSIS compiler GCC header file
   4:Drivers/CMSIS/Include/cmsis_gcc.h ****  * @version  V5.0.4
   5:Drivers/CMSIS/Include/cmsis_gcc.h ****  * @date     09. April 2018
   6:Drivers/CMSIS/Include/cmsis_gcc.h ****  ******************************************************************************/
   7:Drivers/CMSIS/Include/cmsis_gcc.h **** /*
   8:Drivers/CMSIS/Include/cmsis_gcc.h ****  * Copyright (c) 2009-2018 Arm Limited. All rights reserved.
   9:Drivers/CMSIS/Include/cmsis_gcc.h ****  *
  10:Drivers/CMSIS/Include/cmsis_gcc.h ****  * SPDX-License-Identifier: Apache-2.0
  11:Drivers/CMSIS/Include/cmsis_gcc.h ****  *
  12:Drivers/CMSIS/Include/cmsis_gcc.h ****  * Licensed under the Apache License, Version 2.0 (the License); you may
  13:Drivers/CMSIS/Include/cmsis_gcc.h ****  * not use this file except in compliance with the License.
  14:Drivers/CMSIS/Include/cmsis_gcc.h ****  * You may obtain a copy of the License at
  15:Drivers/CMSIS/Include/cmsis_gcc.h ****  *
  16:Drivers/CMSIS/Include/cmsis_gcc.h ****  * www.apache.org/licenses/LICENSE-2.0
  17:Drivers/CMSIS/Include/cmsis_gcc.h ****  *
  18:Drivers/CMSIS/Include/cmsis_gcc.h ****  * Unless required by applicable law or agreed to in writing, software
  19:Drivers/CMSIS/Include/cmsis_gcc.h ****  * distributed under the License is distributed on an AS IS BASIS, WITHOUT
  20:Drivers/CMSIS/Include/cmsis_gcc.h ****  * WARRANTIES OR CONDITIONS OF ANY KIND, either express or implied.
  21:Drivers/CMSIS/Include/cmsis_gcc.h ****  * See the License for the specific language governing permissions and
  22:Drivers/CMSIS/Include/cmsis_gcc.h ****  * limitations under the License.
  23:Drivers/CMSIS/Include/cmsis_gcc.h ****  */
  24:Drivers/CMSIS/Include/cmsis_gcc.h **** 
  25:Drivers/CMSIS/Include/cmsis_gcc.h **** #ifndef __CMSIS_GCC_H
  26:Drivers/CMSIS/Include/cmsis_gcc.h **** #define __CMSIS_GCC_H
  27:Drivers/CMSIS/Include/cmsis_gcc.h **** 
  28:Drivers/CMSIS/Include/cmsis_gcc.h **** /* ignore some GCC warnings */
  29:Drivers/CMSIS/Include/cmsis_gcc.h **** #pragma GCC diagnostic push
  30:Drivers/CMSIS/Include/cmsis_gcc.h **** #pragma GCC diagnostic ignored "-Wsign-conversion"
  31:Drivers/CMSIS/Include/cmsis_gcc.h **** #pragma GCC diagnostic ignored "-Wconversion"
  32:Drivers/CMSIS/Include/cmsis_gcc.h **** #pragma GCC diagnostic ignored "-Wunused-parameter"
  33:Drivers/CMSIS/Include/cmsis_gcc.h **** 
  34:Drivers/CMSIS/Include/cmsis_gcc.h **** /* Fallback for __has_builtin */
  35:Drivers/CMSIS/Include/cmsis_gcc.h **** #ifndef __has_builtin
  36:Drivers/CMSIS/Include/cmsis_gcc.h ****   #define __has_builtin(x) (0)
  37:Drivers/CMSIS/Include/cmsis_gcc.h **** #endif
ARM GAS  /var/folders/bp/ytvqs5756l50d7lg2fzmjpcr0000gn/T//ccOAD9yt.s 			page 13


  38:Drivers/CMSIS/Include/cmsis_gcc.h **** 
  39:Drivers/CMSIS/Include/cmsis_gcc.h **** /* CMSIS compiler specific defines */
  40:Drivers/CMSIS/Include/cmsis_gcc.h **** #ifndef   __ASM
  41:Drivers/CMSIS/Include/cmsis_gcc.h ****   #define __ASM                                  __asm
  42:Drivers/CMSIS/Include/cmsis_gcc.h **** #endif
  43:Drivers/CMSIS/Include/cmsis_gcc.h **** #ifndef   __INLINE
  44:Drivers/CMSIS/Include/cmsis_gcc.h ****   #define __INLINE                               inline
  45:Drivers/CMSIS/Include/cmsis_gcc.h **** #endif
  46:Drivers/CMSIS/Include/cmsis_gcc.h **** #ifndef   __STATIC_INLINE
  47:Drivers/CMSIS/Include/cmsis_gcc.h ****   #define __STATIC_INLINE                        static inline
  48:Drivers/CMSIS/Include/cmsis_gcc.h **** #endif
  49:Drivers/CMSIS/Include/cmsis_gcc.h **** #ifndef   __STATIC_FORCEINLINE                 
  50:Drivers/CMSIS/Include/cmsis_gcc.h ****   #define __STATIC_FORCEINLINE                   __attribute__((always_inline)) static inline
  51:Drivers/CMSIS/Include/cmsis_gcc.h **** #endif                                           
  52:Drivers/CMSIS/Include/cmsis_gcc.h **** #ifndef   __NO_RETURN
  53:Drivers/CMSIS/Include/cmsis_gcc.h ****   #define __NO_RETURN                            __attribute__((__noreturn__))
  54:Drivers/CMSIS/Include/cmsis_gcc.h **** #endif
  55:Drivers/CMSIS/Include/cmsis_gcc.h **** #ifndef   __USED
  56:Drivers/CMSIS/Include/cmsis_gcc.h ****   #define __USED                                 __attribute__((used))
  57:Drivers/CMSIS/Include/cmsis_gcc.h **** #endif
  58:Drivers/CMSIS/Include/cmsis_gcc.h **** #ifndef   __WEAK
  59:Drivers/CMSIS/Include/cmsis_gcc.h ****   #define __WEAK                                 __attribute__((weak))
  60:Drivers/CMSIS/Include/cmsis_gcc.h **** #endif
  61:Drivers/CMSIS/Include/cmsis_gcc.h **** #ifndef   __PACKED
  62:Drivers/CMSIS/Include/cmsis_gcc.h ****   #define __PACKED                               __attribute__((packed, aligned(1)))
  63:Drivers/CMSIS/Include/cmsis_gcc.h **** #endif
  64:Drivers/CMSIS/Include/cmsis_gcc.h **** #ifndef   __PACKED_STRUCT
  65:Drivers/CMSIS/Include/cmsis_gcc.h ****   #define __PACKED_STRUCT                        struct __attribute__((packed, aligned(1)))
  66:Drivers/CMSIS/Include/cmsis_gcc.h **** #endif
  67:Drivers/CMSIS/Include/cmsis_gcc.h **** #ifndef   __PACKED_UNION
  68:Drivers/CMSIS/Include/cmsis_gcc.h ****   #define __PACKED_UNION                         union __attribute__((packed, aligned(1)))
  69:Drivers/CMSIS/Include/cmsis_gcc.h **** #endif
  70:Drivers/CMSIS/Include/cmsis_gcc.h **** #ifndef   __UNALIGNED_UINT32        /* deprecated */
  71:Drivers/CMSIS/Include/cmsis_gcc.h ****   #pragma GCC diagnostic push
  72:Drivers/CMSIS/Include/cmsis_gcc.h ****   #pragma GCC diagnostic ignored "-Wpacked"
  73:Drivers/CMSIS/Include/cmsis_gcc.h ****   #pragma GCC diagnostic ignored "-Wattributes"
  74:Drivers/CMSIS/Include/cmsis_gcc.h ****   struct __attribute__((packed)) T_UINT32 { uint32_t v; };
  75:Drivers/CMSIS/Include/cmsis_gcc.h ****   #pragma GCC diagnostic pop
  76:Drivers/CMSIS/Include/cmsis_gcc.h ****   #define __UNALIGNED_UINT32(x)                  (((struct T_UINT32 *)(x))->v)
  77:Drivers/CMSIS/Include/cmsis_gcc.h **** #endif
  78:Drivers/CMSIS/Include/cmsis_gcc.h **** #ifndef   __UNALIGNED_UINT16_WRITE
  79:Drivers/CMSIS/Include/cmsis_gcc.h ****   #pragma GCC diagnostic push
  80:Drivers/CMSIS/Include/cmsis_gcc.h ****   #pragma GCC diagnostic ignored "-Wpacked"
  81:Drivers/CMSIS/Include/cmsis_gcc.h ****   #pragma GCC diagnostic ignored "-Wattributes"
  82:Drivers/CMSIS/Include/cmsis_gcc.h ****   __PACKED_STRUCT T_UINT16_WRITE { uint16_t v; };
  83:Drivers/CMSIS/Include/cmsis_gcc.h ****   #pragma GCC diagnostic pop
  84:Drivers/CMSIS/Include/cmsis_gcc.h ****   #define __UNALIGNED_UINT16_WRITE(addr, val)    (void)((((struct T_UINT16_WRITE *)(void *)(addr))-
  85:Drivers/CMSIS/Include/cmsis_gcc.h **** #endif
  86:Drivers/CMSIS/Include/cmsis_gcc.h **** #ifndef   __UNALIGNED_UINT16_READ
  87:Drivers/CMSIS/Include/cmsis_gcc.h ****   #pragma GCC diagnostic push
  88:Drivers/CMSIS/Include/cmsis_gcc.h ****   #pragma GCC diagnostic ignored "-Wpacked"
  89:Drivers/CMSIS/Include/cmsis_gcc.h ****   #pragma GCC diagnostic ignored "-Wattributes"
  90:Drivers/CMSIS/Include/cmsis_gcc.h ****   __PACKED_STRUCT T_UINT16_READ { uint16_t v; };
  91:Drivers/CMSIS/Include/cmsis_gcc.h ****   #pragma GCC diagnostic pop
  92:Drivers/CMSIS/Include/cmsis_gcc.h ****   #define __UNALIGNED_UINT16_READ(addr)          (((const struct T_UINT16_READ *)(const void *)(add
  93:Drivers/CMSIS/Include/cmsis_gcc.h **** #endif
  94:Drivers/CMSIS/Include/cmsis_gcc.h **** #ifndef   __UNALIGNED_UINT32_WRITE
ARM GAS  /var/folders/bp/ytvqs5756l50d7lg2fzmjpcr0000gn/T//ccOAD9yt.s 			page 14


  95:Drivers/CMSIS/Include/cmsis_gcc.h ****   #pragma GCC diagnostic push
  96:Drivers/CMSIS/Include/cmsis_gcc.h ****   #pragma GCC diagnostic ignored "-Wpacked"
  97:Drivers/CMSIS/Include/cmsis_gcc.h ****   #pragma GCC diagnostic ignored "-Wattributes"
  98:Drivers/CMSIS/Include/cmsis_gcc.h ****   __PACKED_STRUCT T_UINT32_WRITE { uint32_t v; };
  99:Drivers/CMSIS/Include/cmsis_gcc.h ****   #pragma GCC diagnostic pop
 100:Drivers/CMSIS/Include/cmsis_gcc.h ****   #define __UNALIGNED_UINT32_WRITE(addr, val)    (void)((((struct T_UINT32_WRITE *)(void *)(addr))-
 101:Drivers/CMSIS/Include/cmsis_gcc.h **** #endif
 102:Drivers/CMSIS/Include/cmsis_gcc.h **** #ifndef   __UNALIGNED_UINT32_READ
 103:Drivers/CMSIS/Include/cmsis_gcc.h ****   #pragma GCC diagnostic push
 104:Drivers/CMSIS/Include/cmsis_gcc.h ****   #pragma GCC diagnostic ignored "-Wpacked"
 105:Drivers/CMSIS/Include/cmsis_gcc.h ****   #pragma GCC diagnostic ignored "-Wattributes"
 106:Drivers/CMSIS/Include/cmsis_gcc.h ****   __PACKED_STRUCT T_UINT32_READ { uint32_t v; };
 107:Drivers/CMSIS/Include/cmsis_gcc.h ****   #pragma GCC diagnostic pop
 108:Drivers/CMSIS/Include/cmsis_gcc.h ****   #define __UNALIGNED_UINT32_READ(addr)          (((const struct T_UINT32_READ *)(const void *)(add
 109:Drivers/CMSIS/Include/cmsis_gcc.h **** #endif
 110:Drivers/CMSIS/Include/cmsis_gcc.h **** #ifndef   __ALIGNED
 111:Drivers/CMSIS/Include/cmsis_gcc.h ****   #define __ALIGNED(x)                           __attribute__((aligned(x)))
 112:Drivers/CMSIS/Include/cmsis_gcc.h **** #endif
 113:Drivers/CMSIS/Include/cmsis_gcc.h **** #ifndef   __RESTRICT
 114:Drivers/CMSIS/Include/cmsis_gcc.h ****   #define __RESTRICT                             __restrict
 115:Drivers/CMSIS/Include/cmsis_gcc.h **** #endif
 116:Drivers/CMSIS/Include/cmsis_gcc.h **** 
 117:Drivers/CMSIS/Include/cmsis_gcc.h **** 
 118:Drivers/CMSIS/Include/cmsis_gcc.h **** /* ###########################  Core Function Access  ########################### */
 119:Drivers/CMSIS/Include/cmsis_gcc.h **** /** \ingroup  CMSIS_Core_FunctionInterface
 120:Drivers/CMSIS/Include/cmsis_gcc.h ****     \defgroup CMSIS_Core_RegAccFunctions CMSIS Core Register Access Functions
 121:Drivers/CMSIS/Include/cmsis_gcc.h ****   @{
 122:Drivers/CMSIS/Include/cmsis_gcc.h ****  */
 123:Drivers/CMSIS/Include/cmsis_gcc.h **** 
 124:Drivers/CMSIS/Include/cmsis_gcc.h **** /**
 125:Drivers/CMSIS/Include/cmsis_gcc.h ****   \brief   Enable IRQ Interrupts
 126:Drivers/CMSIS/Include/cmsis_gcc.h ****   \details Enables IRQ interrupts by clearing the I-bit in the CPSR.
 127:Drivers/CMSIS/Include/cmsis_gcc.h ****            Can only be executed in Privileged modes.
 128:Drivers/CMSIS/Include/cmsis_gcc.h ****  */
 129:Drivers/CMSIS/Include/cmsis_gcc.h **** __STATIC_FORCEINLINE void __enable_irq(void)
 130:Drivers/CMSIS/Include/cmsis_gcc.h **** {
 131:Drivers/CMSIS/Include/cmsis_gcc.h ****   __ASM volatile ("cpsie i" : : : "memory");
 132:Drivers/CMSIS/Include/cmsis_gcc.h **** }
 133:Drivers/CMSIS/Include/cmsis_gcc.h **** 
 134:Drivers/CMSIS/Include/cmsis_gcc.h **** 
 135:Drivers/CMSIS/Include/cmsis_gcc.h **** /**
 136:Drivers/CMSIS/Include/cmsis_gcc.h ****   \brief   Disable IRQ Interrupts
 137:Drivers/CMSIS/Include/cmsis_gcc.h ****   \details Disables IRQ interrupts by setting the I-bit in the CPSR.
 138:Drivers/CMSIS/Include/cmsis_gcc.h ****            Can only be executed in Privileged modes.
 139:Drivers/CMSIS/Include/cmsis_gcc.h ****  */
 140:Drivers/CMSIS/Include/cmsis_gcc.h **** __STATIC_FORCEINLINE void __disable_irq(void)
 265              		.loc 2 140 27 view .LVU63
 266              	.LBB8:
 141:Drivers/CMSIS/Include/cmsis_gcc.h **** {
 142:Drivers/CMSIS/Include/cmsis_gcc.h ****   __ASM volatile ("cpsid i" : : : "memory");
 267              		.loc 2 142 3 view .LVU64
 268              		.syntax divided
 269              	@ 142 "Drivers/CMSIS/Include/cmsis_gcc.h" 1
 270 0000 72B6     		cpsid i
 271              	@ 0 "" 2
 272              		.thumb
 273              		.syntax unified
ARM GAS  /var/folders/bp/ytvqs5756l50d7lg2fzmjpcr0000gn/T//ccOAD9yt.s 			page 15


 274              	.L10:
 275              	.LBE8:
 276              	.LBE7:
 386:Core/Src/main.c ****   while (1)
 277              		.loc 1 386 3 view .LVU65
 387:Core/Src/main.c ****   {
 388:Core/Src/main.c ****   }
 278              		.loc 1 388 3 view .LVU66
 386:Core/Src/main.c ****   while (1)
 279              		.loc 1 386 9 view .LVU67
 280 0002 FEE7     		b	.L10
 281              		.cfi_endproc
 282              	.LFE50:
 284              		.section	.text.MX_I2C1_Init,"ax",%progbits
 285              		.align	1
 286              		.syntax unified
 287              		.code	16
 288              		.thumb_func
 290              	MX_I2C1_Init:
 291              	.LFB45:
 168:Core/Src/main.c **** 
 292              		.loc 1 168 1 view -0
 293              		.cfi_startproc
 294              		@ args = 0, pretend = 0, frame = 0
 295              		@ frame_needed = 0, uses_anonymous_args = 0
 296 0000 10B5     		push	{r4, lr}
 297              	.LCFI3:
 298              		.cfi_def_cfa_offset 8
 299              		.cfi_offset 4, -8
 300              		.cfi_offset 14, -4
 177:Core/Src/main.c ****   hi2c1.Init.Timing = 0x00201D2B;
 301              		.loc 1 177 3 view .LVU69
 177:Core/Src/main.c ****   hi2c1.Init.Timing = 0x00201D2B;
 302              		.loc 1 177 18 is_stmt 0 view .LVU70
 303 0002 1248     		ldr	r0, .L18
 304 0004 124B     		ldr	r3, .L18+4
 305 0006 0360     		str	r3, [r0]
 178:Core/Src/main.c ****   hi2c1.Init.OwnAddress1 = 0;
 306              		.loc 1 178 3 is_stmt 1 view .LVU71
 178:Core/Src/main.c ****   hi2c1.Init.OwnAddress1 = 0;
 307              		.loc 1 178 21 is_stmt 0 view .LVU72
 308 0008 124B     		ldr	r3, .L18+8
 309 000a 4360     		str	r3, [r0, #4]
 179:Core/Src/main.c ****   hi2c1.Init.AddressingMode = I2C_ADDRESSINGMODE_7BIT;
 310              		.loc 1 179 3 is_stmt 1 view .LVU73
 179:Core/Src/main.c ****   hi2c1.Init.AddressingMode = I2C_ADDRESSINGMODE_7BIT;
 311              		.loc 1 179 26 is_stmt 0 view .LVU74
 312 000c 0023     		movs	r3, #0
 313 000e 8360     		str	r3, [r0, #8]
 180:Core/Src/main.c ****   hi2c1.Init.DualAddressMode = I2C_DUALADDRESS_DISABLE;
 314              		.loc 1 180 3 is_stmt 1 view .LVU75
 180:Core/Src/main.c ****   hi2c1.Init.DualAddressMode = I2C_DUALADDRESS_DISABLE;
 315              		.loc 1 180 29 is_stmt 0 view .LVU76
 316 0010 0122     		movs	r2, #1
 317 0012 C260     		str	r2, [r0, #12]
 181:Core/Src/main.c ****   hi2c1.Init.OwnAddress2 = 0;
 318              		.loc 1 181 3 is_stmt 1 view .LVU77
ARM GAS  /var/folders/bp/ytvqs5756l50d7lg2fzmjpcr0000gn/T//ccOAD9yt.s 			page 16


 181:Core/Src/main.c ****   hi2c1.Init.OwnAddress2 = 0;
 319              		.loc 1 181 30 is_stmt 0 view .LVU78
 320 0014 0361     		str	r3, [r0, #16]
 182:Core/Src/main.c ****   hi2c1.Init.OwnAddress2Masks = I2C_OA2_NOMASK;
 321              		.loc 1 182 3 is_stmt 1 view .LVU79
 182:Core/Src/main.c ****   hi2c1.Init.OwnAddress2Masks = I2C_OA2_NOMASK;
 322              		.loc 1 182 26 is_stmt 0 view .LVU80
 323 0016 4361     		str	r3, [r0, #20]
 183:Core/Src/main.c ****   hi2c1.Init.GeneralCallMode = I2C_GENERALCALL_DISABLE;
 324              		.loc 1 183 3 is_stmt 1 view .LVU81
 183:Core/Src/main.c ****   hi2c1.Init.GeneralCallMode = I2C_GENERALCALL_DISABLE;
 325              		.loc 1 183 31 is_stmt 0 view .LVU82
 326 0018 8361     		str	r3, [r0, #24]
 184:Core/Src/main.c ****   hi2c1.Init.NoStretchMode = I2C_NOSTRETCH_DISABLE;
 327              		.loc 1 184 3 is_stmt 1 view .LVU83
 184:Core/Src/main.c ****   hi2c1.Init.NoStretchMode = I2C_NOSTRETCH_DISABLE;
 328              		.loc 1 184 30 is_stmt 0 view .LVU84
 329 001a C361     		str	r3, [r0, #28]
 185:Core/Src/main.c ****   if (HAL_I2C_Init(&hi2c1) != HAL_OK)
 330              		.loc 1 185 3 is_stmt 1 view .LVU85
 185:Core/Src/main.c ****   if (HAL_I2C_Init(&hi2c1) != HAL_OK)
 331              		.loc 1 185 28 is_stmt 0 view .LVU86
 332 001c 0362     		str	r3, [r0, #32]
 186:Core/Src/main.c ****   {
 333              		.loc 1 186 3 is_stmt 1 view .LVU87
 186:Core/Src/main.c ****   {
 334              		.loc 1 186 7 is_stmt 0 view .LVU88
 335 001e FFF7FEFF 		bl	HAL_I2C_Init
 336              	.LVL15:
 186:Core/Src/main.c ****   {
 337              		.loc 1 186 6 discriminator 1 view .LVU89
 338 0022 0028     		cmp	r0, #0
 339 0024 0CD1     		bne	.L15
 193:Core/Src/main.c ****   {
 340              		.loc 1 193 3 is_stmt 1 view .LVU90
 193:Core/Src/main.c ****   {
 341              		.loc 1 193 7 is_stmt 0 view .LVU91
 342 0026 0948     		ldr	r0, .L18
 343 0028 0021     		movs	r1, #0
 344 002a FFF7FEFF 		bl	HAL_I2CEx_ConfigAnalogFilter
 345              	.LVL16:
 193:Core/Src/main.c ****   {
 346              		.loc 1 193 6 discriminator 1 view .LVU92
 347 002e 0028     		cmp	r0, #0
 348 0030 08D1     		bne	.L16
 200:Core/Src/main.c ****   {
 349              		.loc 1 200 3 is_stmt 1 view .LVU93
 200:Core/Src/main.c ****   {
 350              		.loc 1 200 7 is_stmt 0 view .LVU94
 351 0032 0648     		ldr	r0, .L18
 352 0034 0021     		movs	r1, #0
 353 0036 FFF7FEFF 		bl	HAL_I2CEx_ConfigDigitalFilter
 354              	.LVL17:
 200:Core/Src/main.c ****   {
 355              		.loc 1 200 6 discriminator 1 view .LVU95
 356 003a 0028     		cmp	r0, #0
 357 003c 04D1     		bne	.L17
ARM GAS  /var/folders/bp/ytvqs5756l50d7lg2fzmjpcr0000gn/T//ccOAD9yt.s 			page 17


 208:Core/Src/main.c **** 
 358              		.loc 1 208 1 view .LVU96
 359              		@ sp needed
 360 003e 10BD     		pop	{r4, pc}
 361              	.L15:
 188:Core/Src/main.c ****   }
 362              		.loc 1 188 5 is_stmt 1 view .LVU97
 363 0040 FFF7FEFF 		bl	Error_Handler
 364              	.LVL18:
 365              	.L16:
 195:Core/Src/main.c ****   }
 366              		.loc 1 195 5 view .LVU98
 367 0044 FFF7FEFF 		bl	Error_Handler
 368              	.LVL19:
 369              	.L17:
 202:Core/Src/main.c ****   }
 370              		.loc 1 202 5 view .LVU99
 371 0048 FFF7FEFF 		bl	Error_Handler
 372              	.LVL20:
 373              	.L19:
 374              		.align	2
 375              	.L18:
 376 004c 00000000 		.word	hi2c1
 377 0050 00540040 		.word	1073763328
 378 0054 2B1D2000 		.word	2104619
 379              		.cfi_endproc
 380              	.LFE45:
 382              		.section	.text.MX_TIM16_Init,"ax",%progbits
 383              		.align	1
 384              		.syntax unified
 385              		.code	16
 386              		.thumb_func
 388              	MX_TIM16_Init:
 389              	.LFB46:
 216:Core/Src/main.c **** 
 390              		.loc 1 216 1 view -0
 391              		.cfi_startproc
 392              		@ args = 0, pretend = 0, frame = 64
 393              		@ frame_needed = 0, uses_anonymous_args = 0
 394 0000 00B5     		push	{lr}
 395              	.LCFI4:
 396              		.cfi_def_cfa_offset 4
 397              		.cfi_offset 14, -4
 398 0002 91B0     		sub	sp, sp, #68
 399              	.LCFI5:
 400              		.cfi_def_cfa_offset 72
 222:Core/Src/main.c ****   TIM_BreakDeadTimeConfigTypeDef sBreakDeadTimeConfig = {0};
 401              		.loc 1 222 3 view .LVU101
 222:Core/Src/main.c ****   TIM_BreakDeadTimeConfigTypeDef sBreakDeadTimeConfig = {0};
 402              		.loc 1 222 22 is_stmt 0 view .LVU102
 403 0004 1C22     		movs	r2, #28
 404 0006 0021     		movs	r1, #0
 405 0008 09A8     		add	r0, sp, #36
 406 000a FFF7FEFF 		bl	memset
 407              	.LVL21:
 223:Core/Src/main.c **** 
 408              		.loc 1 223 3 is_stmt 1 view .LVU103
ARM GAS  /var/folders/bp/ytvqs5756l50d7lg2fzmjpcr0000gn/T//ccOAD9yt.s 			page 18


 223:Core/Src/main.c **** 
 409              		.loc 1 223 34 is_stmt 0 view .LVU104
 410 000e 2022     		movs	r2, #32
 411 0010 0021     		movs	r1, #0
 412 0012 01A8     		add	r0, sp, #4
 413 0014 FFF7FEFF 		bl	memset
 414              	.LVL22:
 228:Core/Src/main.c ****   htim16.Init.Prescaler = 0;
 415              		.loc 1 228 3 is_stmt 1 view .LVU105
 228:Core/Src/main.c ****   htim16.Init.Prescaler = 0;
 416              		.loc 1 228 19 is_stmt 0 view .LVU106
 417 0018 2048     		ldr	r0, .L29
 418 001a 214B     		ldr	r3, .L29+4
 419 001c 0360     		str	r3, [r0]
 229:Core/Src/main.c ****   htim16.Init.CounterMode = TIM_COUNTERMODE_UP;
 420              		.loc 1 229 3 is_stmt 1 view .LVU107
 229:Core/Src/main.c ****   htim16.Init.CounterMode = TIM_COUNTERMODE_UP;
 421              		.loc 1 229 25 is_stmt 0 view .LVU108
 422 001e 0023     		movs	r3, #0
 423 0020 4360     		str	r3, [r0, #4]
 230:Core/Src/main.c ****   htim16.Init.Period = 65535;
 424              		.loc 1 230 3 is_stmt 1 view .LVU109
 230:Core/Src/main.c ****   htim16.Init.Period = 65535;
 425              		.loc 1 230 27 is_stmt 0 view .LVU110
 426 0022 8360     		str	r3, [r0, #8]
 231:Core/Src/main.c ****   htim16.Init.ClockDivision = TIM_CLOCKDIVISION_DIV1;
 427              		.loc 1 231 3 is_stmt 1 view .LVU111
 231:Core/Src/main.c ****   htim16.Init.ClockDivision = TIM_CLOCKDIVISION_DIV1;
 428              		.loc 1 231 22 is_stmt 0 view .LVU112
 429 0024 1F4A     		ldr	r2, .L29+8
 430 0026 C260     		str	r2, [r0, #12]
 232:Core/Src/main.c ****   htim16.Init.RepetitionCounter = 0;
 431              		.loc 1 232 3 is_stmt 1 view .LVU113
 232:Core/Src/main.c ****   htim16.Init.RepetitionCounter = 0;
 432              		.loc 1 232 29 is_stmt 0 view .LVU114
 433 0028 0361     		str	r3, [r0, #16]
 233:Core/Src/main.c ****   htim16.Init.AutoReloadPreload = TIM_AUTORELOAD_PRELOAD_DISABLE;
 434              		.loc 1 233 3 is_stmt 1 view .LVU115
 233:Core/Src/main.c ****   htim16.Init.AutoReloadPreload = TIM_AUTORELOAD_PRELOAD_DISABLE;
 435              		.loc 1 233 33 is_stmt 0 view .LVU116
 436 002a 4361     		str	r3, [r0, #20]
 234:Core/Src/main.c ****   if (HAL_TIM_Base_Init(&htim16) != HAL_OK)
 437              		.loc 1 234 3 is_stmt 1 view .LVU117
 234:Core/Src/main.c ****   if (HAL_TIM_Base_Init(&htim16) != HAL_OK)
 438              		.loc 1 234 33 is_stmt 0 view .LVU118
 439 002c 8361     		str	r3, [r0, #24]
 235:Core/Src/main.c ****   {
 440              		.loc 1 235 3 is_stmt 1 view .LVU119
 235:Core/Src/main.c ****   {
 441              		.loc 1 235 7 is_stmt 0 view .LVU120
 442 002e FFF7FEFF 		bl	HAL_TIM_Base_Init
 443              	.LVL23:
 235:Core/Src/main.c ****   {
 444              		.loc 1 235 6 discriminator 1 view .LVU121
 445 0032 0028     		cmp	r0, #0
 446 0034 29D1     		bne	.L25
 239:Core/Src/main.c ****   {
ARM GAS  /var/folders/bp/ytvqs5756l50d7lg2fzmjpcr0000gn/T//ccOAD9yt.s 			page 19


 447              		.loc 1 239 3 is_stmt 1 view .LVU122
 239:Core/Src/main.c ****   {
 448              		.loc 1 239 7 is_stmt 0 view .LVU123
 449 0036 1948     		ldr	r0, .L29
 450 0038 FFF7FEFF 		bl	HAL_TIM_PWM_Init
 451              	.LVL24:
 239:Core/Src/main.c ****   {
 452              		.loc 1 239 6 discriminator 1 view .LVU124
 453 003c 0028     		cmp	r0, #0
 454 003e 26D1     		bne	.L26
 243:Core/Src/main.c ****   sConfigOC.Pulse = 0;
 455              		.loc 1 243 3 is_stmt 1 view .LVU125
 243:Core/Src/main.c ****   sConfigOC.Pulse = 0;
 456              		.loc 1 243 20 is_stmt 0 view .LVU126
 457 0040 09A9     		add	r1, sp, #36
 458 0042 6023     		movs	r3, #96
 459 0044 0993     		str	r3, [sp, #36]
 244:Core/Src/main.c ****   sConfigOC.OCPolarity = TIM_OCPOLARITY_HIGH;
 460              		.loc 1 244 3 is_stmt 1 view .LVU127
 244:Core/Src/main.c ****   sConfigOC.OCPolarity = TIM_OCPOLARITY_HIGH;
 461              		.loc 1 244 19 is_stmt 0 view .LVU128
 462 0046 0023     		movs	r3, #0
 463 0048 4B60     		str	r3, [r1, #4]
 245:Core/Src/main.c ****   sConfigOC.OCNPolarity = TIM_OCNPOLARITY_HIGH;
 464              		.loc 1 245 3 is_stmt 1 view .LVU129
 245:Core/Src/main.c ****   sConfigOC.OCNPolarity = TIM_OCNPOLARITY_HIGH;
 465              		.loc 1 245 24 is_stmt 0 view .LVU130
 466 004a 8B60     		str	r3, [r1, #8]
 246:Core/Src/main.c ****   sConfigOC.OCFastMode = TIM_OCFAST_DISABLE;
 467              		.loc 1 246 3 is_stmt 1 view .LVU131
 246:Core/Src/main.c ****   sConfigOC.OCFastMode = TIM_OCFAST_DISABLE;
 468              		.loc 1 246 25 is_stmt 0 view .LVU132
 469 004c CB60     		str	r3, [r1, #12]
 247:Core/Src/main.c ****   sConfigOC.OCIdleState = TIM_OCIDLESTATE_RESET;
 470              		.loc 1 247 3 is_stmt 1 view .LVU133
 247:Core/Src/main.c ****   sConfigOC.OCIdleState = TIM_OCIDLESTATE_RESET;
 471              		.loc 1 247 24 is_stmt 0 view .LVU134
 472 004e 0B61     		str	r3, [r1, #16]
 248:Core/Src/main.c ****   sConfigOC.OCNIdleState = TIM_OCNIDLESTATE_RESET;
 473              		.loc 1 248 3 is_stmt 1 view .LVU135
 248:Core/Src/main.c ****   sConfigOC.OCNIdleState = TIM_OCNIDLESTATE_RESET;
 474              		.loc 1 248 25 is_stmt 0 view .LVU136
 475 0050 4B61     		str	r3, [r1, #20]
 249:Core/Src/main.c ****   if (HAL_TIM_PWM_ConfigChannel(&htim16, &sConfigOC, TIM_CHANNEL_1) != HAL_OK)
 476              		.loc 1 249 3 is_stmt 1 view .LVU137
 249:Core/Src/main.c ****   if (HAL_TIM_PWM_ConfigChannel(&htim16, &sConfigOC, TIM_CHANNEL_1) != HAL_OK)
 477              		.loc 1 249 26 is_stmt 0 view .LVU138
 478 0052 8B61     		str	r3, [r1, #24]
 250:Core/Src/main.c ****   {
 479              		.loc 1 250 3 is_stmt 1 view .LVU139
 250:Core/Src/main.c ****   {
 480              		.loc 1 250 7 is_stmt 0 view .LVU140
 481 0054 1148     		ldr	r0, .L29
 482 0056 0022     		movs	r2, #0
 483 0058 FFF7FEFF 		bl	HAL_TIM_PWM_ConfigChannel
 484              	.LVL25:
 250:Core/Src/main.c ****   {
ARM GAS  /var/folders/bp/ytvqs5756l50d7lg2fzmjpcr0000gn/T//ccOAD9yt.s 			page 20


 485              		.loc 1 250 6 discriminator 1 view .LVU141
 486 005c 0028     		cmp	r0, #0
 487 005e 18D1     		bne	.L27
 254:Core/Src/main.c ****   sBreakDeadTimeConfig.OffStateIDLEMode = TIM_OSSI_DISABLE;
 488              		.loc 1 254 3 is_stmt 1 view .LVU142
 254:Core/Src/main.c ****   sBreakDeadTimeConfig.OffStateIDLEMode = TIM_OSSI_DISABLE;
 489              		.loc 1 254 40 is_stmt 0 view .LVU143
 490 0060 01A9     		add	r1, sp, #4
 491 0062 0023     		movs	r3, #0
 492 0064 0193     		str	r3, [sp, #4]
 255:Core/Src/main.c ****   sBreakDeadTimeConfig.LockLevel = TIM_LOCKLEVEL_OFF;
 493              		.loc 1 255 3 is_stmt 1 view .LVU144
 255:Core/Src/main.c ****   sBreakDeadTimeConfig.LockLevel = TIM_LOCKLEVEL_OFF;
 494              		.loc 1 255 41 is_stmt 0 view .LVU145
 495 0066 4B60     		str	r3, [r1, #4]
 256:Core/Src/main.c ****   sBreakDeadTimeConfig.DeadTime = 0;
 496              		.loc 1 256 3 is_stmt 1 view .LVU146
 256:Core/Src/main.c ****   sBreakDeadTimeConfig.DeadTime = 0;
 497              		.loc 1 256 34 is_stmt 0 view .LVU147
 498 0068 8B60     		str	r3, [r1, #8]
 257:Core/Src/main.c ****   sBreakDeadTimeConfig.BreakState = TIM_BREAK_DISABLE;
 499              		.loc 1 257 3 is_stmt 1 view .LVU148
 257:Core/Src/main.c ****   sBreakDeadTimeConfig.BreakState = TIM_BREAK_DISABLE;
 500              		.loc 1 257 33 is_stmt 0 view .LVU149
 501 006a CB60     		str	r3, [r1, #12]
 258:Core/Src/main.c ****   sBreakDeadTimeConfig.BreakPolarity = TIM_BREAKPOLARITY_HIGH;
 502              		.loc 1 258 3 is_stmt 1 view .LVU150
 258:Core/Src/main.c ****   sBreakDeadTimeConfig.BreakPolarity = TIM_BREAKPOLARITY_HIGH;
 503              		.loc 1 258 35 is_stmt 0 view .LVU151
 504 006c 0B61     		str	r3, [r1, #16]
 259:Core/Src/main.c ****   sBreakDeadTimeConfig.AutomaticOutput = TIM_AUTOMATICOUTPUT_DISABLE;
 505              		.loc 1 259 3 is_stmt 1 view .LVU152
 259:Core/Src/main.c ****   sBreakDeadTimeConfig.AutomaticOutput = TIM_AUTOMATICOUTPUT_DISABLE;
 506              		.loc 1 259 38 is_stmt 0 view .LVU153
 507 006e 8022     		movs	r2, #128
 508 0070 9201     		lsls	r2, r2, #6
 509 0072 4A61     		str	r2, [r1, #20]
 260:Core/Src/main.c ****   if (HAL_TIMEx_ConfigBreakDeadTime(&htim16, &sBreakDeadTimeConfig) != HAL_OK)
 510              		.loc 1 260 3 is_stmt 1 view .LVU154
 260:Core/Src/main.c ****   if (HAL_TIMEx_ConfigBreakDeadTime(&htim16, &sBreakDeadTimeConfig) != HAL_OK)
 511              		.loc 1 260 40 is_stmt 0 view .LVU155
 512 0074 CB61     		str	r3, [r1, #28]
 261:Core/Src/main.c ****   {
 513              		.loc 1 261 3 is_stmt 1 view .LVU156
 261:Core/Src/main.c ****   {
 514              		.loc 1 261 7 is_stmt 0 view .LVU157
 515 0076 0948     		ldr	r0, .L29
 516 0078 FFF7FEFF 		bl	HAL_TIMEx_ConfigBreakDeadTime
 517              	.LVL26:
 261:Core/Src/main.c ****   {
 518              		.loc 1 261 6 discriminator 1 view .LVU158
 519 007c 0028     		cmp	r0, #0
 520 007e 0AD1     		bne	.L28
 268:Core/Src/main.c **** 
 521              		.loc 1 268 3 is_stmt 1 view .LVU159
 522 0080 0648     		ldr	r0, .L29
 523 0082 FFF7FEFF 		bl	HAL_TIM_MspPostInit
ARM GAS  /var/folders/bp/ytvqs5756l50d7lg2fzmjpcr0000gn/T//ccOAD9yt.s 			page 21


 524              	.LVL27:
 270:Core/Src/main.c **** 
 525              		.loc 1 270 1 is_stmt 0 view .LVU160
 526 0086 11B0     		add	sp, sp, #68
 527              		@ sp needed
 528 0088 00BD     		pop	{pc}
 529              	.L25:
 237:Core/Src/main.c ****   }
 530              		.loc 1 237 5 is_stmt 1 view .LVU161
 531 008a FFF7FEFF 		bl	Error_Handler
 532              	.LVL28:
 533              	.L26:
 241:Core/Src/main.c ****   }
 534              		.loc 1 241 5 view .LVU162
 535 008e FFF7FEFF 		bl	Error_Handler
 536              	.LVL29:
 537              	.L27:
 252:Core/Src/main.c ****   }
 538              		.loc 1 252 5 view .LVU163
 539 0092 FFF7FEFF 		bl	Error_Handler
 540              	.LVL30:
 541              	.L28:
 263:Core/Src/main.c ****   }
 542              		.loc 1 263 5 view .LVU164
 543 0096 FFF7FEFF 		bl	Error_Handler
 544              	.LVL31:
 545              	.L30:
 546 009a C046     		.align	2
 547              	.L29:
 548 009c 00000000 		.word	htim16
 549 00a0 00440140 		.word	1073824768
 550 00a4 FFFF0000 		.word	65535
 551              		.cfi_endproc
 552              	.LFE46:
 554              		.section	.text.MX_USART1_UART_Init,"ax",%progbits
 555              		.align	1
 556              		.syntax unified
 557              		.code	16
 558              		.thumb_func
 560              	MX_USART1_UART_Init:
 561              	.LFB47:
 278:Core/Src/main.c **** 
 562              		.loc 1 278 1 view -0
 563              		.cfi_startproc
 564              		@ args = 0, pretend = 0, frame = 0
 565              		@ frame_needed = 0, uses_anonymous_args = 0
 566 0000 10B5     		push	{r4, lr}
 567              	.LCFI6:
 568              		.cfi_def_cfa_offset 8
 569              		.cfi_offset 4, -8
 570              		.cfi_offset 14, -4
 287:Core/Src/main.c ****   huart1.Init.BaudRate = 38400;
 571              		.loc 1 287 3 view .LVU166
 287:Core/Src/main.c ****   huart1.Init.BaudRate = 38400;
 572              		.loc 1 287 19 is_stmt 0 view .LVU167
 573 0002 0B48     		ldr	r0, .L34
 574 0004 0B4B     		ldr	r3, .L34+4
ARM GAS  /var/folders/bp/ytvqs5756l50d7lg2fzmjpcr0000gn/T//ccOAD9yt.s 			page 22


 575 0006 0360     		str	r3, [r0]
 288:Core/Src/main.c ****   huart1.Init.WordLength = UART_WORDLENGTH_8B;
 576              		.loc 1 288 3 is_stmt 1 view .LVU168
 288:Core/Src/main.c ****   huart1.Init.WordLength = UART_WORDLENGTH_8B;
 577              		.loc 1 288 24 is_stmt 0 view .LVU169
 578 0008 9623     		movs	r3, #150
 579 000a 1B02     		lsls	r3, r3, #8
 580 000c 4360     		str	r3, [r0, #4]
 289:Core/Src/main.c ****   huart1.Init.StopBits = UART_STOPBITS_1;
 581              		.loc 1 289 3 is_stmt 1 view .LVU170
 289:Core/Src/main.c ****   huart1.Init.StopBits = UART_STOPBITS_1;
 582              		.loc 1 289 26 is_stmt 0 view .LVU171
 583 000e 0023     		movs	r3, #0
 584 0010 8360     		str	r3, [r0, #8]
 290:Core/Src/main.c ****   huart1.Init.Parity = UART_PARITY_NONE;
 585              		.loc 1 290 3 is_stmt 1 view .LVU172
 290:Core/Src/main.c ****   huart1.Init.Parity = UART_PARITY_NONE;
 586              		.loc 1 290 24 is_stmt 0 view .LVU173
 587 0012 C360     		str	r3, [r0, #12]
 291:Core/Src/main.c ****   huart1.Init.Mode = UART_MODE_TX_RX;
 588              		.loc 1 291 3 is_stmt 1 view .LVU174
 291:Core/Src/main.c ****   huart1.Init.Mode = UART_MODE_TX_RX;
 589              		.loc 1 291 22 is_stmt 0 view .LVU175
 590 0014 0361     		str	r3, [r0, #16]
 292:Core/Src/main.c ****   huart1.Init.HwFlowCtl = UART_HWCONTROL_NONE;
 591              		.loc 1 292 3 is_stmt 1 view .LVU176
 292:Core/Src/main.c ****   huart1.Init.HwFlowCtl = UART_HWCONTROL_NONE;
 592              		.loc 1 292 20 is_stmt 0 view .LVU177
 593 0016 0C22     		movs	r2, #12
 594 0018 4261     		str	r2, [r0, #20]
 293:Core/Src/main.c ****   huart1.Init.OverSampling = UART_OVERSAMPLING_16;
 595              		.loc 1 293 3 is_stmt 1 view .LVU178
 293:Core/Src/main.c ****   huart1.Init.OverSampling = UART_OVERSAMPLING_16;
 596              		.loc 1 293 25 is_stmt 0 view .LVU179
 597 001a 8361     		str	r3, [r0, #24]
 294:Core/Src/main.c ****   huart1.Init.OneBitSampling = UART_ONE_BIT_SAMPLE_DISABLE;
 598              		.loc 1 294 3 is_stmt 1 view .LVU180
 294:Core/Src/main.c ****   huart1.Init.OneBitSampling = UART_ONE_BIT_SAMPLE_DISABLE;
 599              		.loc 1 294 28 is_stmt 0 view .LVU181
 600 001c C361     		str	r3, [r0, #28]
 295:Core/Src/main.c ****   huart1.AdvancedInit.AdvFeatureInit = UART_ADVFEATURE_NO_INIT;
 601              		.loc 1 295 3 is_stmt 1 view .LVU182
 295:Core/Src/main.c ****   huart1.AdvancedInit.AdvFeatureInit = UART_ADVFEATURE_NO_INIT;
 602              		.loc 1 295 30 is_stmt 0 view .LVU183
 603 001e 0362     		str	r3, [r0, #32]
 296:Core/Src/main.c ****   if (HAL_UART_Init(&huart1) != HAL_OK)
 604              		.loc 1 296 3 is_stmt 1 view .LVU184
 296:Core/Src/main.c ****   if (HAL_UART_Init(&huart1) != HAL_OK)
 605              		.loc 1 296 38 is_stmt 0 view .LVU185
 606 0020 4362     		str	r3, [r0, #36]
 297:Core/Src/main.c ****   {
 607              		.loc 1 297 3 is_stmt 1 view .LVU186
 297:Core/Src/main.c ****   {
 608              		.loc 1 297 7 is_stmt 0 view .LVU187
 609 0022 FFF7FEFF 		bl	HAL_UART_Init
 610              	.LVL32:
 297:Core/Src/main.c ****   {
ARM GAS  /var/folders/bp/ytvqs5756l50d7lg2fzmjpcr0000gn/T//ccOAD9yt.s 			page 23


 611              		.loc 1 297 6 discriminator 1 view .LVU188
 612 0026 0028     		cmp	r0, #0
 613 0028 00D1     		bne	.L33
 305:Core/Src/main.c **** 
 614              		.loc 1 305 1 view .LVU189
 615              		@ sp needed
 616 002a 10BD     		pop	{r4, pc}
 617              	.L33:
 299:Core/Src/main.c ****   }
 618              		.loc 1 299 5 is_stmt 1 view .LVU190
 619 002c FFF7FEFF 		bl	Error_Handler
 620              	.LVL33:
 621              	.L35:
 622              		.align	2
 623              	.L34:
 624 0030 00000000 		.word	huart1
 625 0034 00380140 		.word	1073821696
 626              		.cfi_endproc
 627              	.LFE47:
 629              		.section	.text.SystemClock_Config,"ax",%progbits
 630              		.align	1
 631              		.global	SystemClock_Config
 632              		.syntax unified
 633              		.code	16
 634              		.thumb_func
 636              	SystemClock_Config:
 637              	.LFB44:
 124:Core/Src/main.c ****   RCC_OscInitTypeDef RCC_OscInitStruct = {0};
 638              		.loc 1 124 1 view -0
 639              		.cfi_startproc
 640              		@ args = 0, pretend = 0, frame = 80
 641              		@ frame_needed = 0, uses_anonymous_args = 0
 642 0000 10B5     		push	{r4, lr}
 643              	.LCFI7:
 644              		.cfi_def_cfa_offset 8
 645              		.cfi_offset 4, -8
 646              		.cfi_offset 14, -4
 647 0002 94B0     		sub	sp, sp, #80
 648              	.LCFI8:
 649              		.cfi_def_cfa_offset 88
 125:Core/Src/main.c ****   RCC_ClkInitTypeDef RCC_ClkInitStruct = {0};
 650              		.loc 1 125 3 view .LVU192
 125:Core/Src/main.c ****   RCC_ClkInitTypeDef RCC_ClkInitStruct = {0};
 651              		.loc 1 125 22 is_stmt 0 view .LVU193
 652 0004 08AC     		add	r4, sp, #32
 653 0006 3022     		movs	r2, #48
 654 0008 0021     		movs	r1, #0
 655 000a 2000     		movs	r0, r4
 656 000c FFF7FEFF 		bl	memset
 657              	.LVL34:
 126:Core/Src/main.c ****   RCC_PeriphCLKInitTypeDef PeriphClkInit = {0};
 658              		.loc 1 126 3 is_stmt 1 view .LVU194
 126:Core/Src/main.c ****   RCC_PeriphCLKInitTypeDef PeriphClkInit = {0};
 659              		.loc 1 126 22 is_stmt 0 view .LVU195
 660 0010 1022     		movs	r2, #16
 661 0012 0021     		movs	r1, #0
 662 0014 04A8     		add	r0, sp, #16
ARM GAS  /var/folders/bp/ytvqs5756l50d7lg2fzmjpcr0000gn/T//ccOAD9yt.s 			page 24


 663 0016 FFF7FEFF 		bl	memset
 664              	.LVL35:
 127:Core/Src/main.c **** 
 665              		.loc 1 127 3 is_stmt 1 view .LVU196
 127:Core/Src/main.c **** 
 666              		.loc 1 127 28 is_stmt 0 view .LVU197
 667 001a 1022     		movs	r2, #16
 668 001c 0021     		movs	r1, #0
 669 001e 6846     		mov	r0, sp
 670 0020 FFF7FEFF 		bl	memset
 671              	.LVL36:
 132:Core/Src/main.c ****   RCC_OscInitStruct.HSIState = RCC_HSI_ON;
 672              		.loc 1 132 3 is_stmt 1 view .LVU198
 132:Core/Src/main.c ****   RCC_OscInitStruct.HSIState = RCC_HSI_ON;
 673              		.loc 1 132 36 is_stmt 0 view .LVU199
 674 0024 0223     		movs	r3, #2
 675 0026 0893     		str	r3, [sp, #32]
 133:Core/Src/main.c ****   RCC_OscInitStruct.HSICalibrationValue = RCC_HSICALIBRATION_DEFAULT;
 676              		.loc 1 133 3 is_stmt 1 view .LVU200
 133:Core/Src/main.c ****   RCC_OscInitStruct.HSICalibrationValue = RCC_HSICALIBRATION_DEFAULT;
 677              		.loc 1 133 30 is_stmt 0 view .LVU201
 678 0028 013B     		subs	r3, r3, #1
 679 002a 0B93     		str	r3, [sp, #44]
 134:Core/Src/main.c ****   RCC_OscInitStruct.PLL.PLLState = RCC_PLL_NONE;
 680              		.loc 1 134 3 is_stmt 1 view .LVU202
 134:Core/Src/main.c ****   RCC_OscInitStruct.PLL.PLLState = RCC_PLL_NONE;
 681              		.loc 1 134 41 is_stmt 0 view .LVU203
 682 002c 0F33     		adds	r3, r3, #15
 683 002e 0C93     		str	r3, [sp, #48]
 135:Core/Src/main.c ****   if (HAL_RCC_OscConfig(&RCC_OscInitStruct) != HAL_OK)
 684              		.loc 1 135 3 is_stmt 1 view .LVU204
 136:Core/Src/main.c ****   {
 685              		.loc 1 136 3 view .LVU205
 136:Core/Src/main.c ****   {
 686              		.loc 1 136 7 is_stmt 0 view .LVU206
 687 0030 2000     		movs	r0, r4
 688 0032 FFF7FEFF 		bl	HAL_RCC_OscConfig
 689              	.LVL37:
 136:Core/Src/main.c ****   {
 690              		.loc 1 136 6 discriminator 1 view .LVU207
 691 0036 0028     		cmp	r0, #0
 692 0038 17D1     		bne	.L40
 143:Core/Src/main.c ****                               |RCC_CLOCKTYPE_PCLK1;
 693              		.loc 1 143 3 is_stmt 1 view .LVU208
 143:Core/Src/main.c ****                               |RCC_CLOCKTYPE_PCLK1;
 694              		.loc 1 143 31 is_stmt 0 view .LVU209
 695 003a 04A8     		add	r0, sp, #16
 696 003c 0723     		movs	r3, #7
 697 003e 0493     		str	r3, [sp, #16]
 145:Core/Src/main.c ****   RCC_ClkInitStruct.AHBCLKDivider = RCC_SYSCLK_DIV1;
 698              		.loc 1 145 3 is_stmt 1 view .LVU210
 145:Core/Src/main.c ****   RCC_ClkInitStruct.AHBCLKDivider = RCC_SYSCLK_DIV1;
 699              		.loc 1 145 34 is_stmt 0 view .LVU211
 700 0040 0023     		movs	r3, #0
 701 0042 4360     		str	r3, [r0, #4]
 146:Core/Src/main.c ****   RCC_ClkInitStruct.APB1CLKDivider = RCC_HCLK_DIV1;
 702              		.loc 1 146 3 is_stmt 1 view .LVU212
ARM GAS  /var/folders/bp/ytvqs5756l50d7lg2fzmjpcr0000gn/T//ccOAD9yt.s 			page 25


 146:Core/Src/main.c ****   RCC_ClkInitStruct.APB1CLKDivider = RCC_HCLK_DIV1;
 703              		.loc 1 146 35 is_stmt 0 view .LVU213
 704 0044 8360     		str	r3, [r0, #8]
 147:Core/Src/main.c **** 
 705              		.loc 1 147 3 is_stmt 1 view .LVU214
 147:Core/Src/main.c **** 
 706              		.loc 1 147 36 is_stmt 0 view .LVU215
 707 0046 C360     		str	r3, [r0, #12]
 149:Core/Src/main.c ****   {
 708              		.loc 1 149 3 is_stmt 1 view .LVU216
 149:Core/Src/main.c ****   {
 709              		.loc 1 149 7 is_stmt 0 view .LVU217
 710 0048 0021     		movs	r1, #0
 711 004a FFF7FEFF 		bl	HAL_RCC_ClockConfig
 712              	.LVL38:
 149:Core/Src/main.c ****   {
 713              		.loc 1 149 6 discriminator 1 view .LVU218
 714 004e 0028     		cmp	r0, #0
 715 0050 0DD1     		bne	.L41
 153:Core/Src/main.c ****   PeriphClkInit.Usart1ClockSelection = RCC_USART1CLKSOURCE_PCLK1;
 716              		.loc 1 153 3 is_stmt 1 view .LVU219
 153:Core/Src/main.c ****   PeriphClkInit.Usart1ClockSelection = RCC_USART1CLKSOURCE_PCLK1;
 717              		.loc 1 153 38 is_stmt 0 view .LVU220
 718 0052 6846     		mov	r0, sp
 719 0054 2123     		movs	r3, #33
 720 0056 0093     		str	r3, [sp]
 154:Core/Src/main.c ****   PeriphClkInit.I2c1ClockSelection = RCC_I2C1CLKSOURCE_HSI;
 721              		.loc 1 154 3 is_stmt 1 view .LVU221
 154:Core/Src/main.c ****   PeriphClkInit.I2c1ClockSelection = RCC_I2C1CLKSOURCE_HSI;
 722              		.loc 1 154 38 is_stmt 0 view .LVU222
 723 0058 0023     		movs	r3, #0
 724 005a 0293     		str	r3, [sp, #8]
 155:Core/Src/main.c ****   if (HAL_RCCEx_PeriphCLKConfig(&PeriphClkInit) != HAL_OK)
 725              		.loc 1 155 3 is_stmt 1 view .LVU223
 155:Core/Src/main.c ****   if (HAL_RCCEx_PeriphCLKConfig(&PeriphClkInit) != HAL_OK)
 726              		.loc 1 155 36 is_stmt 0 view .LVU224
 727 005c 0393     		str	r3, [sp, #12]
 156:Core/Src/main.c ****   {
 728              		.loc 1 156 3 is_stmt 1 view .LVU225
 156:Core/Src/main.c ****   {
 729              		.loc 1 156 7 is_stmt 0 view .LVU226
 730 005e FFF7FEFF 		bl	HAL_RCCEx_PeriphCLKConfig
 731              	.LVL39:
 156:Core/Src/main.c ****   {
 732              		.loc 1 156 6 discriminator 1 view .LVU227
 733 0062 0028     		cmp	r0, #0
 734 0064 05D1     		bne	.L42
 160:Core/Src/main.c **** 
 735              		.loc 1 160 1 view .LVU228
 736 0066 14B0     		add	sp, sp, #80
 737              		@ sp needed
 738 0068 10BD     		pop	{r4, pc}
 739              	.L40:
 138:Core/Src/main.c ****   }
 740              		.loc 1 138 5 is_stmt 1 view .LVU229
 741 006a FFF7FEFF 		bl	Error_Handler
 742              	.LVL40:
ARM GAS  /var/folders/bp/ytvqs5756l50d7lg2fzmjpcr0000gn/T//ccOAD9yt.s 			page 26


 743              	.L41:
 151:Core/Src/main.c ****   }
 744              		.loc 1 151 5 view .LVU230
 745 006e FFF7FEFF 		bl	Error_Handler
 746              	.LVL41:
 747              	.L42:
 158:Core/Src/main.c ****   }
 748              		.loc 1 158 5 view .LVU231
 749 0072 FFF7FEFF 		bl	Error_Handler
 750              	.LVL42:
 751              		.cfi_endproc
 752              	.LFE44:
 754              		.section	.text.main,"ax",%progbits
 755              		.align	1
 756              		.global	main
 757              		.syntax unified
 758              		.code	16
 759              		.thumb_func
 761              	main:
 762              	.LFB43:
  61:Core/Src/main.c **** 
 763              		.loc 1 61 1 view -0
 764              		.cfi_startproc
 765              		@ Volatile: function does not return.
 766              		@ args = 0, pretend = 0, frame = 0
 767              		@ frame_needed = 0, uses_anonymous_args = 0
 768 0000 10B5     		push	{r4, lr}
 769              	.LCFI9:
 770              		.cfi_def_cfa_offset 8
 771              		.cfi_offset 4, -8
 772              		.cfi_offset 14, -4
  70:Core/Src/main.c **** 
 773              		.loc 1 70 3 view .LVU233
 774 0002 FFF7FEFF 		bl	HAL_Init
 775              	.LVL43:
  77:Core/Src/main.c **** 
 776              		.loc 1 77 3 view .LVU234
 777 0006 FFF7FEFF 		bl	SystemClock_Config
 778              	.LVL44:
  84:Core/Src/main.c ****   MX_I2C1_Init();
 779              		.loc 1 84 3 view .LVU235
 780 000a FFF7FEFF 		bl	MX_GPIO_Init
 781              	.LVL45:
  85:Core/Src/main.c ****   MX_TIM16_Init();
 782              		.loc 1 85 3 view .LVU236
 783 000e FFF7FEFF 		bl	MX_I2C1_Init
 784              	.LVL46:
  86:Core/Src/main.c ****   MX_USART1_UART_Init();
 785              		.loc 1 86 3 view .LVU237
 786 0012 FFF7FEFF 		bl	MX_TIM16_Init
 787              	.LVL47:
  87:Core/Src/main.c ****   /* USER CODE BEGIN 2 */
 788              		.loc 1 87 3 view .LVU238
 789 0016 FFF7FEFF 		bl	MX_USART1_UART_Init
 790              	.LVL48:
  89:Core/Src/main.c **** 
 791              		.loc 1 89 3 view .LVU239
ARM GAS  /var/folders/bp/ytvqs5756l50d7lg2fzmjpcr0000gn/T//ccOAD9yt.s 			page 27


 792 001a 6420     		movs	r0, #100
 793 001c FFF7FEFF 		bl	HAL_Delay
 794              	.LVL49:
  91:Core/Src/main.c ****   haptic_feedback_controller_initialize();
 795              		.loc 1 91 3 view .LVU240
 796 0020 FFF7FEFF 		bl	accelerometer_controller_initialize
 797              	.LVL50:
  92:Core/Src/main.c ****   led_controller_initialize();
 798              		.loc 1 92 3 view .LVU241
 799 0024 FFF7FEFF 		bl	haptic_feedback_controller_initialize
 800              	.LVL51:
  93:Core/Src/main.c ****   button_controller_initialize();
 801              		.loc 1 93 3 view .LVU242
 802 0028 FFF7FEFF 		bl	led_controller_initialize
 803              	.LVL52:
  94:Core/Src/main.c ****   posture_controller_initialize();
 804              		.loc 1 94 3 view .LVU243
 805 002c FFF7FEFF 		bl	button_controller_initialize
 806              	.LVL53:
  95:Core/Src/main.c ****   state_machine_initialize();
 807              		.loc 1 95 3 view .LVU244
 808 0030 FFF7FEFF 		bl	posture_controller_initialize
 809              	.LVL54:
  96:Core/Src/main.c **** 
 810              		.loc 1 96 3 view .LVU245
 811 0034 FFF7FEFF 		bl	state_machine_initialize
 812              	.LVL55:
  98:Core/Src/main.c ****   /* USER CODE END 2 */
 813              		.loc 1 98 3 view .LVU246
 814 0038 0120     		movs	r0, #1
 815 003a FFF7FEFF 		bl	led_execute_sequence
 816              	.LVL56:
 817              	.L44:
 103:Core/Src/main.c ****   {
 818              		.loc 1 103 3 view .LVU247
 106:Core/Src/main.c ****     led_controller_update();
 819              		.loc 1 106 5 view .LVU248
 820 003e FFF7FEFF 		bl	accelerometer_controller_update
 821              	.LVL57:
 107:Core/Src/main.c ****     button_controller_update();
 822              		.loc 1 107 5 view .LVU249
 823 0042 FFF7FEFF 		bl	led_controller_update
 824              	.LVL58:
 108:Core/Src/main.c ****     posture_controller_update();
 825              		.loc 1 108 5 view .LVU250
 826 0046 FFF7FEFF 		bl	button_controller_update
 827              	.LVL59:
 109:Core/Src/main.c ****     state_machine_update();
 828              		.loc 1 109 5 view .LVU251
 829 004a FFF7FEFF 		bl	posture_controller_update
 830              	.LVL60:
 110:Core/Src/main.c **** 
 831              		.loc 1 110 5 discriminator 1 view .LVU252
 832 004e FFF7FEFF 		bl	state_machine_update
 833              	.LVL61:
 103:Core/Src/main.c ****   {
 834              		.loc 1 103 9 view .LVU253
ARM GAS  /var/folders/bp/ytvqs5756l50d7lg2fzmjpcr0000gn/T//ccOAD9yt.s 			page 28


 835 0052 F4E7     		b	.L44
 836              		.cfi_endproc
 837              	.LFE43:
 839              		.global	huart1
 840              		.section	.bss.huart1,"aw",%nobits
 841              		.align	2
 844              	huart1:
 845 0000 00000000 		.space	136
 845      00000000 
 845      00000000 
 845      00000000 
 845      00000000 
 846              		.global	htim16
 847              		.section	.bss.htim16,"aw",%nobits
 848              		.align	2
 851              	htim16:
 852 0000 00000000 		.space	72
 852      00000000 
 852      00000000 
 852      00000000 
 852      00000000 
 853              		.global	hi2c1
 854              		.section	.bss.hi2c1,"aw",%nobits
 855              		.align	2
 858              	hi2c1:
 859 0000 00000000 		.space	84
 859      00000000 
 859      00000000 
 859      00000000 
 859      00000000 
 860              		.text
 861              	.Letext0:
 862              		.file 3 "Drivers/CMSIS/Device/ST/STM32F0xx/Include/stm32f030x8.h"
 863              		.file 4 "/Applications/ArmGNUToolchain/14.2.rel1/arm-none-eabi/arm-none-eabi/include/machine/_defa
 864              		.file 5 "/Applications/ArmGNUToolchain/14.2.rel1/arm-none-eabi/arm-none-eabi/include/sys/_stdint.h
 865              		.file 6 "Drivers/STM32F0xx_HAL_Driver/Inc/stm32f0xx_hal_def.h"
 866              		.file 7 "Drivers/STM32F0xx_HAL_Driver/Inc/stm32f0xx_hal_rcc.h"
 867              		.file 8 "Drivers/STM32F0xx_HAL_Driver/Inc/stm32f0xx_hal_rcc_ex.h"
 868              		.file 9 "Drivers/STM32F0xx_HAL_Driver/Inc/stm32f0xx_hal_gpio.h"
 869              		.file 10 "Drivers/STM32F0xx_HAL_Driver/Inc/stm32f0xx_hal_dma.h"
 870              		.file 11 "Drivers/STM32F0xx_HAL_Driver/Inc/stm32f0xx_hal_i2c.h"
 871              		.file 12 "Drivers/STM32F0xx_HAL_Driver/Inc/stm32f0xx_hal_tim.h"
 872              		.file 13 "Drivers/STM32F0xx_HAL_Driver/Inc/stm32f0xx_hal_uart.h"
 873              		.file 14 "Core/Inc/led_controller.h"
 874              		.file 15 "Core/Inc/accelerometer_controller.h"
 875              		.file 16 "Drivers/STM32F0xx_HAL_Driver/Inc/stm32f0xx_hal_tim_ex.h"
 876              		.file 17 "Drivers/STM32F0xx_HAL_Driver/Inc/stm32f0xx_hal_i2c_ex.h"
 877              		.file 18 "Core/Inc/main.h"
 878              		.file 19 "Drivers/STM32F0xx_HAL_Driver/Inc/stm32f0xx_hal_cortex.h"
 879              		.file 20 "Core/Inc/posture_controller.h"
 880              		.file 21 "Core/Inc/button_controller.h"
 881              		.file 22 "Core/Inc/state_machine.h"
 882              		.file 23 "Core/Inc/haptic_feedback_controller.h"
 883              		.file 24 "Drivers/STM32F0xx_HAL_Driver/Inc/stm32f0xx_hal.h"
 884              		.file 25 "<built-in>"
ARM GAS  /var/folders/bp/ytvqs5756l50d7lg2fzmjpcr0000gn/T//ccOAD9yt.s 			page 29


DEFINED SYMBOLS
                            *ABS*:00000000 main.c
/var/folders/bp/ytvqs5756l50d7lg2fzmjpcr0000gn/T//ccOAD9yt.s:19     .text.MX_GPIO_Init:00000000 $t
/var/folders/bp/ytvqs5756l50d7lg2fzmjpcr0000gn/T//ccOAD9yt.s:24     .text.MX_GPIO_Init:00000000 MX_GPIO_Init
/var/folders/bp/ytvqs5756l50d7lg2fzmjpcr0000gn/T//ccOAD9yt.s:191    .text.MX_GPIO_Init:000000bc $d
/var/folders/bp/ytvqs5756l50d7lg2fzmjpcr0000gn/T//ccOAD9yt.s:197    .text.HAL_GPIO_EXTI_Callback:00000000 $t
/var/folders/bp/ytvqs5756l50d7lg2fzmjpcr0000gn/T//ccOAD9yt.s:203    .text.HAL_GPIO_EXTI_Callback:00000000 HAL_GPIO_EXTI_Callback
/var/folders/bp/ytvqs5756l50d7lg2fzmjpcr0000gn/T//ccOAD9yt.s:247    .text.Error_Handler:00000000 $t
/var/folders/bp/ytvqs5756l50d7lg2fzmjpcr0000gn/T//ccOAD9yt.s:253    .text.Error_Handler:00000000 Error_Handler
/var/folders/bp/ytvqs5756l50d7lg2fzmjpcr0000gn/T//ccOAD9yt.s:285    .text.MX_I2C1_Init:00000000 $t
/var/folders/bp/ytvqs5756l50d7lg2fzmjpcr0000gn/T//ccOAD9yt.s:290    .text.MX_I2C1_Init:00000000 MX_I2C1_Init
/var/folders/bp/ytvqs5756l50d7lg2fzmjpcr0000gn/T//ccOAD9yt.s:376    .text.MX_I2C1_Init:0000004c $d
/var/folders/bp/ytvqs5756l50d7lg2fzmjpcr0000gn/T//ccOAD9yt.s:858    .bss.hi2c1:00000000 hi2c1
/var/folders/bp/ytvqs5756l50d7lg2fzmjpcr0000gn/T//ccOAD9yt.s:383    .text.MX_TIM16_Init:00000000 $t
/var/folders/bp/ytvqs5756l50d7lg2fzmjpcr0000gn/T//ccOAD9yt.s:388    .text.MX_TIM16_Init:00000000 MX_TIM16_Init
/var/folders/bp/ytvqs5756l50d7lg2fzmjpcr0000gn/T//ccOAD9yt.s:548    .text.MX_TIM16_Init:0000009c $d
/var/folders/bp/ytvqs5756l50d7lg2fzmjpcr0000gn/T//ccOAD9yt.s:851    .bss.htim16:00000000 htim16
/var/folders/bp/ytvqs5756l50d7lg2fzmjpcr0000gn/T//ccOAD9yt.s:555    .text.MX_USART1_UART_Init:00000000 $t
/var/folders/bp/ytvqs5756l50d7lg2fzmjpcr0000gn/T//ccOAD9yt.s:560    .text.MX_USART1_UART_Init:00000000 MX_USART1_UART_Init
/var/folders/bp/ytvqs5756l50d7lg2fzmjpcr0000gn/T//ccOAD9yt.s:624    .text.MX_USART1_UART_Init:00000030 $d
/var/folders/bp/ytvqs5756l50d7lg2fzmjpcr0000gn/T//ccOAD9yt.s:844    .bss.huart1:00000000 huart1
/var/folders/bp/ytvqs5756l50d7lg2fzmjpcr0000gn/T//ccOAD9yt.s:630    .text.SystemClock_Config:00000000 $t
/var/folders/bp/ytvqs5756l50d7lg2fzmjpcr0000gn/T//ccOAD9yt.s:636    .text.SystemClock_Config:00000000 SystemClock_Config
/var/folders/bp/ytvqs5756l50d7lg2fzmjpcr0000gn/T//ccOAD9yt.s:755    .text.main:00000000 $t
/var/folders/bp/ytvqs5756l50d7lg2fzmjpcr0000gn/T//ccOAD9yt.s:761    .text.main:00000000 main
/var/folders/bp/ytvqs5756l50d7lg2fzmjpcr0000gn/T//ccOAD9yt.s:841    .bss.huart1:00000000 $d
/var/folders/bp/ytvqs5756l50d7lg2fzmjpcr0000gn/T//ccOAD9yt.s:848    .bss.htim16:00000000 $d
/var/folders/bp/ytvqs5756l50d7lg2fzmjpcr0000gn/T//ccOAD9yt.s:855    .bss.hi2c1:00000000 $d

UNDEFINED SYMBOLS
memset
HAL_GPIO_WritePin
HAL_GPIO_Init
HAL_NVIC_SetPriority
HAL_NVIC_EnableIRQ
accelerometer_handle_int2
accelerometer_handle_int1
HAL_I2C_Init
HAL_I2CEx_ConfigAnalogFilter
HAL_I2CEx_ConfigDigitalFilter
HAL_TIM_Base_Init
HAL_TIM_PWM_Init
HAL_TIM_PWM_ConfigChannel
HAL_TIMEx_ConfigBreakDeadTime
HAL_TIM_MspPostInit
HAL_UART_Init
HAL_RCC_OscConfig
HAL_RCC_ClockConfig
HAL_RCCEx_PeriphCLKConfig
HAL_Init
HAL_Delay
accelerometer_controller_initialize
haptic_feedback_controller_initialize
led_controller_initialize
button_controller_initialize
posture_controller_initialize
state_machine_initialize
ARM GAS  /var/folders/bp/ytvqs5756l50d7lg2fzmjpcr0000gn/T//ccOAD9yt.s 			page 30


led_execute_sequence
accelerometer_controller_update
led_controller_update
button_controller_update
posture_controller_update
state_machine_update
